###############################################################
#  Generated by:      Cadence Innovus 21.35-s114_1
#  OS:                Linux x86_64(Host ID item0110.item.uni-bremen.de)
#  Generated on:      Fri Aug  9 21:59:11 2024
#  Design:            ibex_core
#  Command:           report_timing > $rpt_dir/Timing_report_postCCopt.rpt
###############################################################
Path 1: VIOLATED Clock Gating Setup Check with Pin gen_regfile_ff.register_file_
i/RC_CG_HIER_INST24/RC_CGIC_INST/CP 
Endpoint:   gen_regfile_ff.register_file_i/RC_CG_HIER_INST24/RC_CGIC_INST/E (^) 
checked with  leading edge of 'clk_i'
Beginpoint: gen_regfile_ff.register_file_i/rf_reg_q_reg[102]/Q              (v) 
triggered by  leading edge of 'clk_i'
Path Groups: {clock_gating_default}
Analysis View: ana_wc
Other End Arrival Time          0.040
- Clock Gating Setup            0.092
+ Phase Shift                   2.000
+ CPPR Adjustment               0.400
- Uncertainty                   0.025
= Required Time                 2.323
- Arrival Time                  2.464
= Slack Time                   -0.141
     Clock Rise Edge                 0.000
     + Clock Network Latency (Prop)  0.907
     = Beginpoint Arrival Time       0.907
     +----------------------------------------------------------------------------------------------------------------------------+ 
     |                      Instance                      |     Arc      |           Cell            | Delay | Arrival | Required | 
     |                                                    |              |                           |       |  Time   |   Time   | 
     |----------------------------------------------------+--------------+---------------------------+-------+---------+----------| 
     | gen_regfile_ff.register_file_i/rf_reg_q_reg[102]   | CP ^         |                           |       |   0.907 |    0.766 | 
     | gen_regfile_ff.register_file_i/rf_reg_q_reg[102]   | CP ^ -> Q v  | DFCNQD4BWP12T40M1P        | 0.191 |   1.098 |    0.957 | 
     | gen_regfile_ff.register_file_i/g26570              | I v -> ZN ^  | INVD2BWP12T40M1P          | 0.019 |   1.117 |    0.976 | 
     | gen_regfile_ff.register_file_i/g24594              | A2 ^ -> ZN ^ | IAO22D2BWP12T40M1P        | 0.071 |   1.188 |    1.047 | 
     | gen_regfile_ff.register_file_i/g24127              | B ^ -> ZN v  | IOA21D2BWP12T40M1P        | 0.033 |   1.221 |    1.080 | 
     | gen_regfile_ff.register_file_i/g23831              | B v -> ZN ^  | RCIAO21D2BWP12T40M1P      | 0.035 |   1.257 |    1.116 | 
     | gen_regfile_ff.register_file_i/FE_RC_2826_0        | A1 ^ -> ZN v | ND2D3BWP12T40M1P          | 0.044 |   1.300 |    1.160 | 
     | gen_regfile_ff.register_file_i/g23465              | A1 v -> ZN ^ | NR2OPTSAD8BWP12T40M1P     | 0.046 |   1.347 |    1.206 | 
     | gen_regfile_ff.register_file_i/g23414              | A1 ^ -> ZN v | ND2OPTPAD12BWP12T40M1P    | 0.053 |   1.400 |    1.259 | 
     | id_stage_i/g8838                                   | A1 v -> ZN ^ | AOI21OPTPBD6BWP12T40M1P   | 0.046 |   1.446 |    1.305 | 
     | id_stage_i/FE_RC_98_0                              | A1 ^ -> ZN v | ND2OPTPAD4BWP12T40M1P     | 0.035 |   1.480 |    1.339 | 
     | ex_block_i/g26489                                  | A1 v -> ZN ^ | CKND2D4BWP12T40M1P        | 0.029 |   1.510 |    1.369 | 
     | ex_block_i/g26290                                  | B ^ -> ZN v  | IOA21D4BWP12T40M1P        | 0.048 |   1.557 |    1.417 | 
     | ex_block_i/g25617                                  | I v -> ZN ^  | INVD3BWP12T40M1P          | 0.047 |   1.604 |    1.464 | 
     | ex_block_i/FE_RC_1955_0                            | I ^ -> ZN v  | INVD2BWP12T40M1P          | 0.033 |   1.638 |    1.497 | 
     | ex_block_i/FE_RC_1987_0                            | I1 v -> ZN ^ | MUX2NOPTD6BWP12T40M1P     | 0.060 |   1.698 |    1.557 | 
     | ex_block_i/FE_RC_888_0                             | A1 ^ -> ZN v | NR2OPTFAD4BWP12T40M1P     | 0.034 |   1.732 |    1.591 | 
     | ex_block_i/FE_RC_887_0                             | B v -> ZN ^  | AOI21OPTRESAD6BWP12T40M1P | 0.057 |   1.789 |    1.648 | 
     | ex_block_i/g32845                                  | A1 ^ -> ZN v | ND2OPTPAD4BWP12T40M1P     | 0.037 |   1.826 |    1.686 | 
     | ex_block_i/FE_RC_2440_0                            | A1 v -> ZN ^ | NR2OPTPAD4BWP12T40M1P     | 0.039 |   1.865 |    1.724 | 
     | ex_block_i/FE_RC_2439_0                            | A1 ^ -> ZN v | ND2OPTPAD4BWP12T40M1P     | 0.031 |   1.896 |    1.755 | 
     | ex_block_i/g32823                                  | A2 v -> ZN ^ | NR2OPTSAD6BWP12T40M1P     | 0.045 |   1.940 |    1.800 | 
     | ex_block_i/FE_RC_1884_0                            | A1 ^ -> ZN v | ND3XD8BWP12T40M1P         | 0.047 |   1.987 |    1.846 | 
     | ex_block_i/g32820                                  | A1 v -> ZN ^ | OAI21OPTPBD4BWP12T40M1P   | 0.045 |   2.033 |    1.892 | 
     | ex_block_i/FE_RC_1888_0                            | B ^ -> ZN v  | AOI21OPTRED4BWP12T40M1P   | 0.031 |   2.063 |    1.922 | 
     | ex_block_i/FE_RC_21_0                              | A1 v -> ZN ^ | ND3OPTPAD6BWP12T40M1P     | 0.044 |   2.108 |    1.967 | 
     | id_stage_i/FE_RC_1616_0                            | A1 ^ -> ZN v | OAI21OPTPBD6BWP12T40M1P   | 0.036 |   2.143 |    2.002 | 
     | cs_registers_i/g20605__6260                        | A1 v -> ZN ^ | ND2OPTFAD6BWP12T40M1P     | 0.028 |   2.171 |    2.030 | 
     | cs_registers_i/g20312__5477                        | A1 ^ -> ZN v | ND2OPTPAD8BWP12T40M1P     | 0.032 |   2.203 |    2.062 | 
     | id_stage_i/FE_RC_1239_0                            | B1 v -> ZN ^ | INR2D16BWP12T40M1P        | 0.048 |   2.250 |    2.110 | 
     | wb_stage_i/g2                                      | A1 ^ -> Z ^  | OR2XD16BWP12T40M1P        | 0.070 |   2.320 |    2.180 | 
     | gen_regfile_ff.register_file_i/FE_RC_2491_0        | I ^ -> Z ^   | BUFFXD12BWP12T40M1P       | 0.069 |   2.389 |    2.248 | 
     | gen_regfile_ff.register_file_i/FE_RC_2060_0        | A1 ^ -> ZN v | ND2OPTFAD12BWP12T40M1P    | 0.030 |   2.419 |    2.279 | 
     | gen_regfile_ff.register_file_i/g11190              | B1 v -> ZN ^ | INR2D4BWP12T40M1P         | 0.045 |   2.464 |    2.323 | 
     | gen_regfile_ff.register_file_i/RC_CG_HIER_INST24/R | E ^          | CKLNQD16BWP12T40M1P       | 0.000 |   2.464 |    2.323 | 
     | C_CGIC_INST                                        |              |                           |       |         |          | 
     +----------------------------------------------------------------------------------------------------------------------------+ 

