###############################################################
#  Generated by:      Cadence Innovus 
#  OS:                
#  Design:            ibex_core
#  Command:           report_timing > $rpt_dir/Timing_report_postPlace.rpt
###############################################################
Path 1: MET Clock Gating Setup Check with Pin if_stage_i/RC_CG_HIER_INST22/RC_
CGIC_INST/CP 
Endpoint:   if_stage_i/RC_CG_HIER_INST22/RC_CGIC_INST/E (^) checked with  
leading edge of 'clk_i'
Beginpoint: if_stage_i/instr_rdata_alu_id_o_reg[29]/Q   (v) triggered by  
leading edge of 'clk_i'
Path Groups: {clock_gating_default}
Analysis View: ana_wc
Other End Arrival Time          0.900
- Clock Gating Setup            0.145
+ Phase Shift                   8.000
- Uncertainty                   0.010
= Required Time                 8.745
- Arrival Time                  8.738
= Slack Time                    0.007
     Clock Rise Edge                 0.000
     + Clock Network Latency (Ideal) 0.900
     = Beginpoint Arrival Time       0.900
     +---------------------------------------------------------------------------------------------------------------------+ 
     |                 Instance                  |      Arc      |            Cell            | Delay | Arrival | Required | 
     |                                           |               |                            |       |  Time   |   Time   | 
     |-------------------------------------------+---------------+----------------------------+-------+---------+----------| 
     | if_stage_i/instr_rdata_alu_id_o_reg[29]   | CP ^          |                            |       |   0.900 |    0.907 | 
     | if_stage_i/instr_rdata_alu_id_o_reg[29]   | CP ^ -> Q v   | DFQD1BWP12T40M1P           | 0.244 |   1.144 |    1.151 | 
     | id_stage_i/g8459                          | A2 v -> ZN ^  | NR2XD0BWP12T40M1P          | 0.105 |   1.249 |    1.255 | 
     | id_stage_i/g8435                          | B1 ^ -> ZN v  | IND3D2BWP12T40M1P          | 0.113 |   1.362 |    1.368 | 
     | id_stage_i/g8426                          | A2 v -> ZN ^  | NR2D1BWP12T40M1P           | 0.125 |   1.487 |    1.494 | 
     | id_stage_i/g8411                          | A2 ^ -> ZN v  | CKND2D1BWP12T40M1P         | 0.109 |   1.596 |    1.603 | 
     | id_stage_i/g8404                          | A1 v -> ZN v  | IND2D2BWP12T40M1P          | 0.117 |   1.712 |    1.719 | 
     | id_stage_i/g8376                          | A2 v -> ZN ^  | NR2D1BWP12T40M1P           | 0.157 |   1.869 |    1.876 | 
     | ex_block_i/g28298                         | A1 ^ -> Z ^   | OR2D2BWP12T40M1P           | 0.155 |   2.024 |    2.031 | 
     | ex_block_i/FE_OFC284_n_1227               | I ^ -> ZN v   | INVD2BWP12T40M1P           | 0.041 |   2.065 |    2.072 | 
     | ex_block_i/g28286                         | A2 v -> ZN ^  | NR2XD0BWP12T40M1P          | 0.071 |   2.136 |    2.143 | 
     | ex_block_i/g28277                         | A2 ^ -> ZN ^  | IOA22D2BWP12T40M1P         | 0.224 |   2.360 |    2.367 | 
     | ex_block_i/FE_OFC275_n_1077               | I ^ -> ZN v   | INVD2BWP12T40M1P           | 0.104 |   2.464 |    2.471 | 
     | ex_block_i/g28201                         | B2 v -> ZN v  | MAOI22D1BWP12T40M1P        | 0.110 |   2.574 |    2.581 | 
     | ex_block_i/g28136                         | B2 v -> ZN ^  | IND3D2BWP12T40M1P          | 0.057 |   2.631 |    2.638 | 
     | ex_block_i/alu_i_add_76_52_g702           | A2 ^ -> ZN ^  | IOA21D1BWP12T40M1P         | 0.100 |   2.732 |    2.738 | 
     | ex_block_i/g35257                         | C ^ -> ZN v   | MAOI222D1BWP12T40M1P       | 0.095 |   2.826 |    2.833 | 
     | ex_block_i/alu_i_add_76_52_g697           | A2 v -> ZN ^  | MOAI22D1BWP12T40M1P        | 0.113 |   2.939 |    2.946 | 
     | ex_block_i/alu_i_add_76_52_g695           | A ^ -> ZN v   | MAOI222D1BWP12T40M1P       | 0.105 |   3.044 |    3.051 | 
     | ex_block_i/alu_i_add_76_52_g693           | A2 v -> ZN ^  | MOAI22D1BWP12T40M1P        | 0.119 |   3.163 |    3.170 | 
     | ex_block_i/alu_i_add_76_52_g691           | A2 ^ -> ZN v  | RCAOI22D1BWP12T40M1P       | 0.109 |   3.272 |    3.279 | 
     | ex_block_i/FE_RC_12_0                     | A1 v -> ZN ^  | OAI21OPTPBD4BWP12T40M1P    | 0.073 |   3.345 |    3.352 | 
     | ex_block_i/FE_RC_10_0                     | A1 ^ -> ZN v  | ND2OPTPAD2BWP12T40M1P      | 0.034 |   3.379 |    3.386 | 
     | ex_block_i/FE_RC_9_0                      | A1 v -> ZN ^  | ND2OPTPAD2BWP12T40M1P      | 0.025 |   3.404 |    3.411 | 
     | ex_block_i/FE_RC_8_0                      | B ^ -> ZN v   | AOI21OPTREPBD2BWP12T40M1P  | 0.027 |   3.431 |    3.438 | 
     | ex_block_i/alu_i_add_76_52_g685           | A2 v -> ZN ^  | MOAI22D1BWP12T40M1P        | 0.090 |   3.521 |    3.528 | 
     | ex_block_i/alu_i_add_76_52_g683           | A ^ -> CON v  | FCICOND1BWP12T40M1P        | 0.115 |   3.636 |    3.643 | 
     | ex_block_i/FE_RC_3_0                      | A1 v -> ZN ^  | OAI22OPTPBD2BWP12T40M1P    | 0.083 |   3.719 |    3.726 | 
     | ex_block_i/alu_i_add_76_52_g679           | A ^ -> CON v  | FCICOND1BWP12T40M1P        | 0.098 |   3.817 |    3.824 | 
     | ex_block_i/alu_i_add_76_52_g677           | A2 v -> ZN ^  | MOAI22D1BWP12T40M1P        | 0.121 |   3.938 |    3.945 | 
     | ex_block_i/alu_i_add_76_52_g675           | A ^ -> CON v  | FCICOND1BWP12T40M1P        | 0.108 |   4.046 |    4.053 | 
     | ex_block_i/alu_i_add_76_52_g673           | A2 v -> ZN ^  | MOAI22D1BWP12T40M1P        | 0.104 |   4.150 |    4.157 | 
     | ex_block_i/g35255                         | C ^ -> ZN v   | MAOI222D1BWP12T40M1P       | 0.115 |   4.265 |    4.272 | 
     | ex_block_i/alu_i_add_76_52_g669           | A2 v -> ZN ^  | MOAI22D1BWP12T40M1P        | 0.128 |   4.393 |    4.400 | 
     | ex_block_i/alu_i_add_76_52_g667           | A ^ -> CON v  | FCICOND1BWP12T40M1P        | 0.108 |   4.501 |    4.508 | 
     | ex_block_i/alu_i_add_76_52_g665           | A2 v -> ZN ^  | MOAI22D1BWP12T40M1P        | 0.113 |   4.614 |    4.621 | 
     | ex_block_i/alu_i_add_76_52_g663           | A ^ -> CON v  | FCICOND1BWP12T40M1P        | 0.112 |   4.726 |    4.733 | 
     | ex_block_i/FE_RC_0_0                      | A1 v -> ZN ^  | OAI22OPTPBD2BWP12T40M1P    | 0.091 |   4.817 |    4.824 | 
     | ex_block_i/alu_i_add_76_52_g659           | A ^ -> CON v  | FCICOND1BWP12T40M1P        | 0.099 |   4.916 |    4.923 | 
     | ex_block_i/alu_i_add_76_52_g657           | CIN v -> CO ^ | FCICIND1BWP12T40M1P        | 0.189 |   5.105 |    5.111 | 
     | ex_block_i/alu_i_add_76_52_g655           | A ^ -> CON v  | FCICOND1BWP12T40M1P        | 0.091 |   5.196 |    5.203 | 
     | ex_block_i/alu_i_add_76_52_g653           | CIN v -> CO ^ | FCICIND1BWP12T40M1P        | 0.188 |   5.384 |    5.391 | 
     | ex_block_i/alu_i_add_76_52_g651           | A ^ -> CON v  | FCICOND1BWP12T40M1P        | 0.095 |   5.479 |    5.485 | 
     | ex_block_i/alu_i_add_76_52_g649           | CIN v -> CO ^ | FCICIND2BWP12T40M1P        | 0.182 |   5.661 |    5.668 | 
     | ex_block_i/alu_i_add_76_52_g647           | A ^ -> ZN v   | MAOI222D1BWP12T40M1P       | 0.082 |   5.742 |    5.749 | 
     | ex_block_i/alu_i_add_76_52_g645           | CIN v -> CO ^ | FCICIND1BWP12T40M1P        | 0.181 |   5.924 |    5.931 | 
     | ex_block_i/alu_i_add_76_52_g643           | A ^ -> CON v  | FCICOND1BWP12T40M1P        | 0.090 |   6.014 |    6.020 | 
     | ex_block_i/alu_i_add_76_52_g641           | A2 v -> ZN ^  | MOAI22D0BWP12T40M1P        | 0.136 |   6.150 |    6.157 | 
     | ex_block_i/alu_i_add_76_52_g640           | A1 ^ -> Z v   | XOR3D2BWP12T40M1P          | 0.319 |   6.469 |    6.475 | 
     | ex_block_i/g35099                         | A2 v -> ZN ^  | NR3D1BWP12T40M1P           | 0.115 |   6.584 |    6.590 | 
     | ex_block_i/g34147                         | A1 ^ -> ZN v  | ND4D8BWP12T40M1P           | 0.221 |   6.805 |    6.812 | 
     | ex_block_i/g34142                         | A1 v -> ZN v  | IND2D2BWP12T40M1P          | 0.065 |   6.870 |    6.877 | 
     | ex_block_i/g34136                         | B1 v -> ZN ^  | IND3D2BWP12T40M1P          | 0.056 |   6.926 |    6.933 | 
     | id_stage_i/g6906                          | B1 ^ -> ZN v  | IND3D2BWP12T40M1P          | 0.076 |   7.003 |    7.010 | 
     | id_stage_i/g6905                          | A2 v -> ZN ^  | ND2D2BWP12T40M1P           | 0.075 |   7.077 |    7.084 | 
     | id_stage_i/g6904                          | A1 ^ -> ZN ^  | IND2D2BWP12T40M1P          | 0.069 |   7.146 |    7.153 | 
     | id_stage_i/g6903                          | A1 ^ -> ZN ^  | IND2D2BWP12T40M1P          | 0.069 |   7.215 |    7.222 | 
     | cs_registers_i/FE_OFC259_csr_op_en        | I ^ -> ZN v   | INVD2BWP12T40M1P           | 0.049 |   7.264 |    7.270 | 
     | cs_registers_i/g15046__5526               | B v -> ZN ^   | OAI21OPTRED3BWP12T40M1P    | 0.033 |   7.296 |    7.303 | 
     | cs_registers_i/FE_OFC75_n_483             | I ^ -> ZN v   | INVD2BWP12T40M1P           | 0.032 |   7.328 |    7.335 | 
     | cs_registers_i/g14872__1881               | A3 v -> ZN ^  | TPAOI31D1BWP12T40M1P       | 0.067 |   7.396 |    7.402 | 
     | cs_registers_i/g14692__4319               | C ^ -> ZN v   | OAI211OPTREPBD1BWP12T40M1P | 0.067 |   7.463 |    7.469 | 
     | cs_registers_i/g14680__6161               | A2 v -> Z v   | AN2D2BWP12T40M1P           | 0.108 |   7.571 |    7.577 | 
     | id_stage_i/g6989                          | A1 v -> ZN ^  | OAI21OPTPBD1BWP12T40M1P    | 0.061 |   7.631 |    7.638 | 
     | id_stage_i/g6988                          | A2 ^ -> ZN v  | CKND2D1BWP12T40M1P         | 0.059 |   7.690 |    7.697 | 
     | id_stage_i/g6986                          | A2 v -> ZN ^  | OAI21OPTPBD1BWP12T40M1P    | 0.062 |   7.752 |    7.758 | 
     | id_stage_i/g6985                          | A2 ^ -> ZN v  | CKND2D1BWP12T40M1P         | 0.070 |   7.822 |    7.828 | 
     | id_stage_i/g6984                          | A2 v -> ZN ^  | OAI21OPTPBD1BWP12T40M1P    | 0.074 |   7.896 |    7.903 | 
     | id_stage_i/g6983                          | B ^ -> Z ^    | OA31D1BWP12T40M1P          | 0.127 |   8.023 |    8.029 | 
     | id_stage_i/g6982                          | A4 ^ -> ZN v  | ND4D2BWP12T40M1P           | 0.107 |   8.129 |    8.136 | 
     | id_stage_i/g6981                          | A2 v -> ZN ^  | ND2D2BWP12T40M1P           | 0.068 |   8.197 |    8.204 | 
     | id_stage_i/g6978                          | B2 ^ -> ZN v  | IND3D2BWP12T40M1P          | 0.047 |   8.244 |    8.251 | 
     | id_stage_i/g6977                          | A2 v -> ZN ^  | AOI21D1BWP12T40M1P         | 0.074 |   8.318 |    8.325 | 
     | id_stage_i/FE_RC_16_0                     | A1 ^ -> ZN v  | ND3XD2BWP12T40M1P          | 0.061 |   8.379 |    8.385 | 
     | id_stage_i/g6916                          | I v -> ZN ^   | CKND2BWP12T40M1P           | 0.045 |   8.423 |    8.430 | 
     | if_stage_i/g14229                         | B ^ -> ZN v   | IOA21D2BWP12T40M1P         | 0.046 |   8.469 |    8.476 | 
     | if_stage_i/g14200                         | A2 v -> ZN ^  | NR2OPTPAD1BWP12T40M1P      | 0.093 |   8.563 |    8.569 | 
     | if_stage_i/g14179                         | A2 ^ -> ZN v  | CKND2D0BWP12T40M1P         | 0.108 |   8.671 |    8.678 | 
     | if_stage_i/g14151                         | B v -> ZN ^   | OAI31D1BWP12T40M1P         | 0.067 |   8.738 |    8.745 | 
     | if_stage_i/RC_CG_HIER_INST22/RC_CGIC_INST | E ^           | CKLNQD12BWP12T40M1P        | 0.000 |   8.738 |    8.745 | 
     +---------------------------------------------------------------------------------------------------------------------+ 

