============================================================
  Generated by:           Genus(TM) Synthesis Solution 21.14-s082_1
  Generated on:           Sep 12 2024  04:46:02 pm
  Module:                 ibex_core
  Technology library:     
  Operating conditions:   WCCOM (balanced_tree)
  Wireload mode:          segmented
  Area mode:              timing library
============================================================


Summary
-------
--------------------------------------------------------------------------
            Category            Number     %    Average Toggle Saving %   
--------------------------------------------------------------------------
 Total Clock Gating Instances       33  100.00                         -  
--------------------------------------------------------------------------
 RC Clock Gating Instances          33  100.00                     76.14  
 Non-RC Clock Gating Instances       0    0.00                      0.00  
--------------------------------------------------------------------------
 RC Gated Flip-flops               894   96.44                     81.39  
 Non-RC Gated Flip-flops             0    0.00                      0.00  
--------------------------------------------------------------------------
 Total Gated Flip-flops            894   96.44                         -  
 Total Ungated Flip-flops           33    3.56                         -  
 Enable not found                    4   12.12                         -  
 Register bank width too small      14   42.42                         -  
 User preserved                     15   45.45                         -  
--------------------------------------------------------------------------
 Total Flip-flops                  927  100.00                         -  
--------------------------------------------------------------------------
Multibit Flip-flop Summary
--------------------------
-------------------------------------------------------
Width     Number     Bits     RC Gated     Ungated     
-------------------------------------------------------
1-bit     927        927      894 (96.44%) 33 (3.56%)  
-------------------------------------------------------


