============================================================
  Generated by:           Genus(TM) Synthesis Solution 21.14-s082_1
  Generated on:           Sep 12 2024  04:46:02 pm
  Module:                 ibex_core
  Technology library:     tcbn40lpbwp12t40m1pwc 131
  Operating conditions:   WCCOM (balanced_tree)
  Wireload mode:          segmented
  Area mode:              timing library
============================================================

                                                
           Gate            Instances    Area             Library         
-------------------------------------------------------------------------
AN2D0BWP12T40M1P                   1      1.411    tcbn40lpbwp12t40m1pwc 
AN2XD0BWP12T40M1P                 84    118.541    tcbn40lpbwp12t40m1pwc 
AN2XD1BWP12T40M1P                  1      1.411    tcbn40lpbwp12t40m1pwc 
AN3D0BWP12T40M1P                   7     11.525    tcbn40lpbwp12t40m1pwc 
AN3D1BWP12T40M1P                   1      1.646    tcbn40lpbwp12t40m1pwc 
AN3XD0BWP12T40M1P                 26     42.806    tcbn40lpbwp12t40m1pwc 
AN4D0BWP12T40M1P                   8     16.934    tcbn40lpbwp12t40m1pwc 
AO211D0BWP12T40M1P                 8     16.934    tcbn40lpbwp12t40m1pwc 
AO21D0BWP12T40M1P                 51     83.966    tcbn40lpbwp12t40m1pwc 
AO21D1BWP12T40M1P                  2      3.293    tcbn40lpbwp12t40m1pwc 
AO221D0BWP12T40M1P                50    129.360    tcbn40lpbwp12t40m1pwc 
AO222D0BWP12T40M1P                94    287.414    tcbn40lpbwp12t40m1pwc 
AO22D0BWP12T40M1P                  1      2.352    tcbn40lpbwp12t40m1pwc 
AO22XD0BWP12T40M1P                92    216.384    tcbn40lpbwp12t40m1pwc 
AO22XD1BWP12T40M1P                30     70.560    tcbn40lpbwp12t40m1pwc 
AO31XD0BWP12T40M1P                 2      4.234    tcbn40lpbwp12t40m1pwc 
AO31XD1BWP12T40M1P                 1      2.117    tcbn40lpbwp12t40m1pwc 
AO32D0BWP12T40M1P                  1      2.587    tcbn40lpbwp12t40m1pwc 
AO33D0BWP12T40M1P                  6     15.523    tcbn40lpbwp12t40m1pwc 
AOI211D0BWP12T40M1P               79    130.066    tcbn40lpbwp12t40m1pwc 
AOI21D0BWP12T40M1P               109    153.821    tcbn40lpbwp12t40m1pwc 
AOI21OPTREPBD1BWP12T40M1P          1      2.117    tcbn40lpbwp12t40m1pwc 
AOI221D0BWP12T40M1P               39     91.728    tcbn40lpbwp12t40m1pwc 
AOI222D0BWP12T40M1P              114    294.941    tcbn40lpbwp12t40m1pwc 
AOI22D0BWP12T40M1P               718   1182.115    tcbn40lpbwp12t40m1pwc 
AOI31D0BWP12T40M1P                12     19.757    tcbn40lpbwp12t40m1pwc 
AOI32D0BWP12T40M1P                 8     16.934    tcbn40lpbwp12t40m1pwc 
AOI33D0BWP12T40M1P                 1      2.352    tcbn40lpbwp12t40m1pwc 
AOI33D1BWP12T40M1P                 1      2.352    tcbn40lpbwp12t40m1pwc 
CKAN2D2BWP12T40M1P                 1      1.646    tcbn40lpbwp12t40m1pwc 
CKLNQD12BWP12T40M1P               33    325.987    tcbn40lpbwp12t40m1pwc 
CKMUX2D1BWP12T40M1P                1      2.352    tcbn40lpbwp12t40m1pwc 
CKND0BWP12T40M1P                 564    397.958    tcbn40lpbwp12t40m1pwc 
CKND1BWP12T40M1P                  16     11.290    tcbn40lpbwp12t40m1pwc 
CKND2BWP12T40M1P                   3      2.822    tcbn40lpbwp12t40m1pwc 
CKND2D0BWP12T40M1P               547    514.618    tcbn40lpbwp12t40m1pwc 
DEL075D1BWP12T40M1P                1      0.941    tcbn40lpbwp12t40m1pwc 
DFCNQD1BWP12T40M1P               644   3635.251    tcbn40lpbwp12t40m1pwc 
DFKCNQD1BWP12T40M1P                1      5.410    tcbn40lpbwp12t40m1pwc 
DFMD1BWP12T40M1P                   2     14.112    tcbn40lpbwp12t40m1pwc 
DFMQD1BWP12T40M1P                 61    401.722    tcbn40lpbwp12t40m1pwc 
DFQD1BWP12T40M1P                 207   1022.414    tcbn40lpbwp12t40m1pwc 
DFSNQD1BWP12T40M1P                 4     23.520    tcbn40lpbwp12t40m1pwc 
EDFCNQD1BWP12T40M1P                6     45.158    tcbn40lpbwp12t40m1pwc 
EDFQD1BWP12T40M1P                  2     13.171    tcbn40lpbwp12t40m1pwc 
FA1D0BWP12T40M1P                   4     24.461    tcbn40lpbwp12t40m1pwc 
FCICIND1BWP12T40M1P               10     30.576    tcbn40lpbwp12t40m1pwc 
FCICOND1BWP12T40M1P                9     19.051    tcbn40lpbwp12t40m1pwc 
IAO21D0BWP12T40M1P                16     26.342    tcbn40lpbwp12t40m1pwc 
IIND4D0BWP12T40M1P                 2      5.174    tcbn40lpbwp12t40m1pwc 
IINR4D0BWP12T40M1P                 1      2.587    tcbn40lpbwp12t40m1pwc 
IINR4D1BWP12T40M1P                 1      3.998    tcbn40lpbwp12t40m1pwc 
IND2D2BWP12T40M1P                  1      2.117    tcbn40lpbwp12t40m1pwc 
IND2XD0BWP12T40M1P                45     63.504    tcbn40lpbwp12t40m1pwc 
IND3D0BWP12T40M1P                 29     47.746    tcbn40lpbwp12t40m1pwc 
IND3D1BWP12T40M1P                  4      6.586    tcbn40lpbwp12t40m1pwc 
IND3D2BWP12T40M1P                  1      3.058    tcbn40lpbwp12t40m1pwc 
IND4D0BWP12T40M1P                  6     12.701    tcbn40lpbwp12t40m1pwc 
IND4D1BWP12T40M1P                  2      4.234    tcbn40lpbwp12t40m1pwc 
INR2D0BWP12T40M1P                 76    107.251    tcbn40lpbwp12t40m1pwc 
INR2XD0BWP12T40M1P                 1      1.411    tcbn40lpbwp12t40m1pwc 
INR3XD0BWP12T40M1P                22     36.221    tcbn40lpbwp12t40m1pwc 
INR4D0BWP12T40M1P                  7     14.818    tcbn40lpbwp12t40m1pwc 
INVD0BWP12T40M1P                   3      2.117    tcbn40lpbwp12t40m1pwc 
INVD1BWP12T40M1P                   1      0.706    tcbn40lpbwp12t40m1pwc 
INVD1P75BWP12T40M1P                2      1.882    tcbn40lpbwp12t40m1pwc 
INVD2BWP12T40M1P                   2      1.882    tcbn40lpbwp12t40m1pwc 
INVD2P3BWP12T40M1P                 1      1.411    tcbn40lpbwp12t40m1pwc 
IOA21D0BWP12T40M1P               127    209.093    tcbn40lpbwp12t40m1pwc 
IOA21D1BWP12T40M1P                 3      4.939    tcbn40lpbwp12t40m1pwc 
IOA21D2BWP12T40M1P                 2      4.704    tcbn40lpbwp12t40m1pwc 
IOA22D2BWP12T40M1P                 1      3.058    tcbn40lpbwp12t40m1pwc 
LNQD1BWP12T40M1P                   1      3.528    tcbn40lpbwp12t40m1pwc 
MAOI222D0BWP12T40M1P             116    245.549    tcbn40lpbwp12t40m1pwc 
MAOI222D1BWP12T40M1P               3      6.350    tcbn40lpbwp12t40m1pwc 
MAOI22D0BWP12T40M1P               37     78.322    tcbn40lpbwp12t40m1pwc 
MOAI22D0BWP12T40M1P              321    679.493    tcbn40lpbwp12t40m1pwc 
MOAI22D1BWP12T40M1P                7     14.818    tcbn40lpbwp12t40m1pwc 
MUX2NXD0BWP12T40M1P              103    218.030    tcbn40lpbwp12t40m1pwc 
MUX2NXD1BWP12T40M1P               32     97.843    tcbn40lpbwp12t40m1pwc 
MUX2XD0BWP12T40M1P                90    211.680    tcbn40lpbwp12t40m1pwc 
ND2D1BWP12T40M1P                   6      5.645    tcbn40lpbwp12t40m1pwc 
ND2D2BWP12T40M1P                   1      1.646    tcbn40lpbwp12t40m1pwc 
ND2D4BWP12T40M1P                   1      3.058    tcbn40lpbwp12t40m1pwc 
ND3D1BWP12T40M1P                   1      1.411    tcbn40lpbwp12t40m1pwc 
ND3XD0BWP12T40M1P                 63     88.906    tcbn40lpbwp12t40m1pwc 
ND4D0BWP12T40M1P                 150    246.960    tcbn40lpbwp12t40m1pwc 
ND4D1BWP12T40M1P                   3      4.939    tcbn40lpbwp12t40m1pwc 
NR2D0BWP12T40M1P                 371    349.037    tcbn40lpbwp12t40m1pwc 
NR2D1BWP12T40M1P                   1      0.941    tcbn40lpbwp12t40m1pwc 
NR2D3BWP12T40M1P                   1      2.352    tcbn40lpbwp12t40m1pwc 
NR2OPTSAD4BWP12T40M1P              1      3.058    tcbn40lpbwp12t40m1pwc 
NR2XD0BWP12T40M1P                  9      8.467    tcbn40lpbwp12t40m1pwc 
NR2XD1BWP12T40M1P                  1      1.646    tcbn40lpbwp12t40m1pwc 
NR2XD2BWP12T40M1P                  1      3.058    tcbn40lpbwp12t40m1pwc 
NR3D0BWP12T40M1P                  17     23.990    tcbn40lpbwp12t40m1pwc 
NR4D0BWP12T40M1P                  23     37.867    tcbn40lpbwp12t40m1pwc 
OA211D0BWP12T40M1P                13     27.518    tcbn40lpbwp12t40m1pwc 
OA211D1BWP12T40M1P                 1      2.117    tcbn40lpbwp12t40m1pwc 
OA21XD0BWP12T40M1P               125    205.800    tcbn40lpbwp12t40m1pwc 
OA21XD1BWP12T40M1P                 1      1.646    tcbn40lpbwp12t40m1pwc 
OA221D0BWP12T40M1P                 3      7.762    tcbn40lpbwp12t40m1pwc 
OA222D0BWP12T40M1P                 5     15.288    tcbn40lpbwp12t40m1pwc 
OA22D0BWP12T40M1P                  1      2.352    tcbn40lpbwp12t40m1pwc 
OA22XD0BWP12T40M1P                 4      9.408    tcbn40lpbwp12t40m1pwc 
OA22XD1BWP12T40M1P                 1      2.352    tcbn40lpbwp12t40m1pwc 
OA31D2BWP12T40M1P                  1      2.352    tcbn40lpbwp12t40m1pwc 
OA31XD0BWP12T40M1P                 3      6.350    tcbn40lpbwp12t40m1pwc 
OA33D0BWP12T40M1P                  2      5.174    tcbn40lpbwp12t40m1pwc 
OAI211D0BWP12T40M1P               98    161.347    tcbn40lpbwp12t40m1pwc 
OAI21D0BWP12T40M1P               114    160.877    tcbn40lpbwp12t40m1pwc 
OAI21D1BWP12T40M1P                 2      2.822    tcbn40lpbwp12t40m1pwc 
OAI221D0BWP12T40M1P              168    395.136    tcbn40lpbwp12t40m1pwc 
OAI222D0BWP12T40M1P               29     75.029    tcbn40lpbwp12t40m1pwc 
OAI22D0BWP12T40M1P               119    195.922    tcbn40lpbwp12t40m1pwc 
OAI31D0BWP12T40M1P                15     24.696    tcbn40lpbwp12t40m1pwc 
OAI32D0BWP12T40M1P                 7     14.818    tcbn40lpbwp12t40m1pwc 
OAI32D1BWP12T40M1P                 1      2.117    tcbn40lpbwp12t40m1pwc 
OAI33D0BWP12T40M1P                 1      2.352    tcbn40lpbwp12t40m1pwc 
OR2D0BWP12T40M1P                   1      1.411    tcbn40lpbwp12t40m1pwc 
OR2D1BWP12T40M1P                   6      8.467    tcbn40lpbwp12t40m1pwc 
OR2D2BWP12T40M1P                   1      1.646    tcbn40lpbwp12t40m1pwc 
OR2XD0BWP12T40M1P                 47     66.326    tcbn40lpbwp12t40m1pwc 
OR3D1BWP12T40M1P                   2      3.293    tcbn40lpbwp12t40m1pwc 
OR3XD0BWP12T40M1P                 11     18.110    tcbn40lpbwp12t40m1pwc 
OR4D0BWP12T40M1P                   9     19.051    tcbn40lpbwp12t40m1pwc 
RCAOI21D0BWP12T40M1P               1      1.411    tcbn40lpbwp12t40m1pwc 
RCAOI22D0BWP12T40M1P               1      1.646    tcbn40lpbwp12t40m1pwc 
RCIAO21D0BWP12T40M1P               1      1.646    tcbn40lpbwp12t40m1pwc 
TPND2D0BWP12T40M1P                 4      3.763    tcbn40lpbwp12t40m1pwc 
TPND3D0BWP12T40M1P                 2      2.822    tcbn40lpbwp12t40m1pwc 
TPNR2D0BWP12T40M1P                 8      7.526    tcbn40lpbwp12t40m1pwc 
TPNR2D1BWP12T40M1P                 2      2.822    tcbn40lpbwp12t40m1pwc 
XNR2XD0BWP12T40M1P                 2      4.704    tcbn40lpbwp12t40m1pwc 
XNR3XD0BWP12T40M1P                92    389.491    tcbn40lpbwp12t40m1pwc 
XNR3XD1BWP12T40M1P                15     63.504    tcbn40lpbwp12t40m1pwc 
XOR2XD0BWP12T40M1P                 5     11.760    tcbn40lpbwp12t40m1pwc 
XOR3D2BWP12T40M1P                  2      9.408    tcbn40lpbwp12t40m1pwc 
XOR3XD0BWP12T40M1P                44    186.278    tcbn40lpbwp12t40m1pwc 
XOR3XD1BWP12T40M1P                14     59.270    tcbn40lpbwp12t40m1pwc 
-------------------------------------------------------------------------
total                           6364  14511.370                          


                                                        
            Type             Instances    Area   Area % 
--------------------------------------------------------
sequential                         928  5164.286   35.6 
inverter                           592   420.067    2.9 
buffer                               1     0.941    0.0 
clock_gating_integrated_cell        33   325.987    2.2 
unresolved                           1     0.000    0.0 
logic                             4810  8600.088   59.3 
physical_cells                       0     0.000    0.0 
--------------------------------------------------------
total                             6365 14511.370  100.0 

