============================================================
  Generated by:           Genus(TM) Synthesis Solution 21.14-s082_1
  Generated on:           Aug 09 2024  06:46:54 pm
  Module:                 ibex_core
  Technology library:     tcbn40lpbwp12t40m1pwc 131
  Operating conditions:   WCCOM (balanced_tree)
  Wireload mode:          segmented
  Area mode:              timing library
============================================================

            Instance                                   Module                        Cell Count  Cell Area  Net Area   Total Area      Wireload     
----------------------------------------------------------------------------------------------------------------------------------------------------
ibex_core                                                                                 13560  34425.989     0.000    34425.989 ZeroWireload (S)  
  core_clock_gate_i              prim_clock_gating                                            2      4.939     0.000        4.939 ZeroWireload (S)  
  cs_registers_i                 ibex_cs_registers_DbgTriggerEn0_DbgHwBreakNum1_Dat        1911   5856.245     0.000     5856.245 ZeroWireload (S)  
  ex_block_i                     ibex_ex_block_RV32M2_RV32B0_BranchTargetALU0              4698   8702.635     0.000     8702.635 ZeroWireload (S)  
  gen_regfile_ff.register_file_i ibex_register_file_ff_RV32E0_DataWidth32_DummyInst        4176  13265.045     0.000    13265.045 ZeroWireload (S)  
  id_stage_i                     ibex_id_stage_RV32E0_RV32M2_RV32B0_DataIndTiming0_        1139   2121.974     0.000     2121.974 ZeroWireload (S)  
  if_stage_i                     ibex_if_stage_DmHaltAddr437323776_DmExceptionAddr4        1117   3228.590     0.000     3228.590 ZeroWireload (S)  
  load_store_unit_i              ibex_load_store_unit                                       394    914.458     0.000      914.458 ZeroWireload (S)  
  wb_stage_i                     ibex_wb_stage_WritebackStage0                               94    283.651     0.000      283.651 ZeroWireload (S)  
  (S) = wireload was automatically selected
