============================================================
  Generated by:           Genus(TM) Synthesis Solution 21.14-s082_1
  Generated on:           Aug 09 2024  06:46:53 pm
  Module:                 ibex_core
  Technology library:     tcbn40lpbwp12t40m1pwc 131
  Operating conditions:   WCCOM (balanced_tree)
  Wireload mode:          segmented
  Area mode:              timing library
============================================================

                Pin                                 Type              Fanout Load Slew Delay Arrival   
                                                                             (fF) (ps)  (ps)   (ps)    
-------------------------------------------------------------------------------------------------------
(clock clk_i)                              launch                                                  0 R 
                                           latency                                      +400     400 R 
if_stage_i
  instr_rdata_id_o_reg[22]/CP                                                       40    +0     400 R 
  instr_rdata_id_o_reg[22]/Q               DFQOPTMAD12BWP12T40M1P         16 43.9   55  +135     535 R 
if_stage_i/instr_rdata_id_o[22] 
gen_regfile_ff.register_file_i/raddr_b_i[2] 
  g26643/I                                                                                +0     535   
  g26643/ZN                                INVD6BWP12T40M1P                2 11.0   25   +32     566 F 
  g26451/A1                                                                               +0     566   
  g26451/ZN                                ND3OPTPAD8BWP12T40M1P           8 22.9   61   +40     606 R 
  g26399/A1                                                                               +0     606   
  g26399/ZN                                NR2D2BWP12T40M1P                4  2.5   25   +32     638 F 
  g25085/B2                                                                               +0     638   
  g25085/ZN                                AOI22D0BWP12T40M1P              1  0.9   91   +90     729 R 
  g24169/A2                                                                               +0     729   
  g24169/ZN                                ND2D1BWP12T40M1P                1  1.2   37   +57     786 F 
  g23833/A2                                                                               +0     786   
  g23833/ZN                                TPNR2D1BWP12T40M1P              1  0.9   43   +44     830 R 
  g23627/B1                                                                               +0     830   
  g23627/ZN                                IND2D1BWP12T40M1P               1  1.2   34   +36     866 F 
  g23523/A1                                                                               +0     866   
  g23523/ZN                                NR2XD1BWP12T40M1P               1  2.3   46   +40     906 R 
  g23409/A1                                                                               +0     906   
  g23409/ZN                                ND3XD3BWP12T40M1P               6  5.6   57   +45     951 F 
gen_regfile_ff.register_file_i/rdata_b_o[20] 
ex_block_i/multdiv_operand_b_i[20] 
  g25418/A1                                                                               +0     951   
  g25418/ZN                                CKND2D4BWP12T40M1P              1  3.0   30   +34     985 R 
  g25380/A1                                                                               +0     985   
  g25380/ZN                                TPND2D4BWP12T40M1P              3  5.4   30   +31    1016 F 
  csa_tree_ADD_TC_OP_groupi_g14874/I                                                      +0    1016   
  csa_tree_ADD_TC_OP_groupi_g14874/Z       CKBD4BWP12T40M1P                3  5.8   21   +52    1068 F 
  csa_tree_ADD_TC_OP_groupi_g14428/S                                                      +0    1068   
  csa_tree_ADD_TC_OP_groupi_g14428/ZN      MUX2NOPTD4BWP12T40M1P           1  5.3   49   +51    1119 F 
  csa_tree_ADD_TC_OP_groupi_g14381/A1                                                     +0    1119   
  csa_tree_ADD_TC_OP_groupi_g14381/ZN      NR2OPTSAD8BWP12T40M1P           3  7.5   41   +41    1160 R 
  csa_tree_ADD_TC_OP_groupi_g15342/B1                                                     +0    1160   
  csa_tree_ADD_TC_OP_groupi_g15342/ZN      IND2D1BWP12T40M1P               1  1.5   37   +38    1198 F 
  csa_tree_ADD_TC_OP_groupi_g14022/B                                                      +0    1198   
  csa_tree_ADD_TC_OP_groupi_g14022/ZN      OAI21OPTREPBD2BWP12T40M1P       3  4.7   75   +39    1237 R 
  csa_tree_ADD_TC_OP_groupi_g13664/S                                                      +0    1237   
  csa_tree_ADD_TC_OP_groupi_g13664/ZN      MUX2NOPTD2BWP12T40M1P           1  4.6  105   +85    1322 R 
  csa_tree_ADD_TC_OP_groupi_g13467/S                                                      +0    1322   
  csa_tree_ADD_TC_OP_groupi_g13467/ZN      MUX2NOPTD4BWP12T40M1P           2  5.5   78   +80    1402 R 
  csa_tree_ADD_TC_OP_groupi_g13282/S                                                      +0    1402   
  csa_tree_ADD_TC_OP_groupi_g13282/ZN      MUX2NOPTD4BWP12T40M1P           1  4.6   73   +70    1471 R 
  csa_tree_ADD_TC_OP_groupi_g13175/S                                                      +0    1471   
  csa_tree_ADD_TC_OP_groupi_g13175/ZN      MUX2NOPTD4BWP12T40M1P           2  3.5   72   +65    1536 R 
  csa_tree_ADD_TC_OP_groupi_g12925/B                                                      +0    1536   
  csa_tree_ADD_TC_OP_groupi_g12925/S       HA1D2BWP12T40M1P                1  4.5   39  +111    1647 F 
  csa_tree_ADD_TC_OP_groupi_g12853/S                                                      +0    1647   
  csa_tree_ADD_TC_OP_groupi_g12853/ZN      MUX2NOPTD4BWP12T40M1P           4  3.7   45   +57    1704 F 
  csa_tree_ADD_TC_OP_groupi_g15220/A1                                                     +0    1704   
  csa_tree_ADD_TC_OP_groupi_g15220/ZN      IND2D2BWP12T40M1P               1  2.6   33   +71    1775 F 
  csa_tree_ADD_TC_OP_groupi_g12690/A1                                                     +0    1775   
  csa_tree_ADD_TC_OP_groupi_g12690/ZN      CKND2D4BWP12T40M1P              2  3.9   30   +29    1804 R 
  csa_tree_ADD_TC_OP_groupi_g12641/A2                                                     +0    1804   
  csa_tree_ADD_TC_OP_groupi_g12641/ZN      NR2OPTSAD4BWP12T40M1P           3  4.0   25   +30    1834 F 
  csa_tree_ADD_TC_OP_groupi_g12623/A2                                                     +0    1834   
  csa_tree_ADD_TC_OP_groupi_g12623/ZN      NR2OPTSAD4BWP12T40M1P           2  3.1   36   +39    1873 R 
  csa_tree_ADD_TC_OP_groupi_g12617/I                                                      +0    1873   
  csa_tree_ADD_TC_OP_groupi_g12617/ZN      INVD1P75BWP12T40M1P             1  2.7   19   +25    1898 F 
  csa_tree_ADD_TC_OP_groupi_g12607/A1                                                     +0    1898   
  csa_tree_ADD_TC_OP_groupi_g12607/ZN      NR2OPTSAD4BWP12T40M1P           1  5.4   46   +36    1934 R 
  csa_tree_ADD_TC_OP_groupi_g12585/A2                                                     +0    1934   
  csa_tree_ADD_TC_OP_groupi_g12585/ZN      ND2OPTPAD4BWP12T40M1P           3  7.4   27   +34    1968 F 
  csa_tree_ADD_TC_OP_groupi_g12577/A2                                                     +0    1968   
  csa_tree_ADD_TC_OP_groupi_g12577/ZN      NR2OPTSAD6BWP12T40M1P           4  5.8   40   +42    2010 R 
  csa_tree_ADD_TC_OP_groupi_g12570/A1                                                     +0    2010   
  csa_tree_ADD_TC_OP_groupi_g12570/ZN      NR2OPTSAD6BWP12T40M1P           4  7.6   30   +32    2042 F 
  fopt33545/I                                                                             +0    2042   
  fopt33545/ZN                             INVD2BWP12T40M1P                3  4.3   35   +33    2075 R 
  g33416/A1                                                                               +0    2075   
  g33416/ZN                                XNR2OPTND2BWP12T40M1P           1  1.5   98   +54    2129 R 
  g32327/A1                                                                               +0    2129   
  g32327/ZN                                OAI21OPTPBD2BWP12T40M1P         2  1.3   50   +44    2172 F 
  g31565/A1                                                                               +0    2172   
  g31565/ZN                                TPND3D1BWP12T40M1P              1  1.6   55   +44    2216 R 
ex_block_i/result_ex_o[24] 
id_stage_i/result_ex_i[24] 
  g9491/A1                                                                                +0    2216   
  g9491/ZN                                 ND2OPTPAD2BWP12T40M1P           1  1.5   24   +29    2246 F 
  g9430/B                                                                                 +0    2246   
  g9430/ZN                                 IOA21D2BWP12T40M1P              1  3.1   38   +28    2274 R 
id_stage_i/rf_wdata_id_o[24] 
wb_stage_i/rf_wdata_id_i[24] 
  g679/A1                                                                                 +0    2274   
  g679/ZN                                  ND2OPTPAD4BWP12T40M1P           1  8.0   30   +32    2306 F 
  g646/A1                                                                                 +0    2306   
  g646/ZN                                  ND2OPTD12BWP12T40M1P           31 24.8   76   +35    2341 R 
wb_stage_i/rf_wdata_wb_o[24] 
gen_regfile_ff.register_file_i/wdata_a_i[24] 
  rf_reg_q_reg[1016]/D                <<<  DFCNQD1BWP12T40M1P                             +0    2341   
  rf_reg_q_reg[1016]/CP                    setup                                    40   +36    2377 R 
- - - - - - - - - - - - - - - - - - - - - - - - - - - - - - - - - - - - - - - - - - - - - - - - - - - -
(clock clk_i)                              capture                                              2000 R 
                                           latency                                      +400    2400 R 
                                           uncertainty                                   -25    2375 R 
-------------------------------------------------------------------------------------------------------
Cost Group   : 'clk_i' (path_group 'clk_i')
Timing slack :      -2ps (TIMING VIOLATION)
Start-point  : if_stage_i/instr_rdata_id_o_reg[22]/CP
End-point    : gen_regfile_ff.register_file_i/rf_reg_q_reg[1016]/D

