###############################################################
#  Generated by:      Cadence Innovus 21.35-s114_1
#  OS:                Linux x86_64(Host ID item0110.item.uni-bremen.de)
#  Generated on:      Fri Aug  9 19:31:46 2024
#  Design:            ibex_core
#  Command:           report_timing -format {instance pin cell net load slew delay arrival} > $rpt_dir/Timing_report_Floorplan.rpt
###############################################################
Path 1: VIOLATED Setup Check with Pin gen_regfile_ff.register_file_i/rf_reg_q_
reg[54]/CP 
Endpoint:   gen_regfile_ff.register_file_i/rf_reg_q_reg[54]/D (v) checked with  
leading edge of 'clk_i'
Beginpoint: if_stage_i/instr_rdata_id_o_reg[23]/Q             (^) triggered by  
leading edge of 'clk_i'
Path Groups: {clk_i}
Analysis View: ana_wc
Other End Arrival Time          0.400
- Setup                        -0.001
+ Phase Shift                   2.000
- Uncertainty                   0.025
= Required Time                 2.376
- Arrival Time                  2.390
= Slack Time                   -0.015
     Clock Rise Edge                 0.000
     + Clock Network Latency (Ideal) 0.400
     = Beginpoint Arrival Time       0.400
     +--------------------------------------------------------------------------------------------------------------------------------------------------------------+ 
     |                    Instance                     | Pin |            Cell            |                  Net                  |  Load |  Slew | Delay | Arrival | 
     |                                                 |     |                            |                                       |       |       |       |  Time   | 
     |-------------------------------------------------+-----+----------------------------+---------------------------------------+-------+-------+-------+---------| 
     | if_stage_i/instr_rdata_id_o_reg[23]             | CP  |                            | if_stage_i/rc_gclk                    | 0.000 | 0.040 |       |   0.400 | 
     | if_stage_i/instr_rdata_id_o_reg[23]             | Q   | DFQOPTMAD12BWP12T40M1P     | instr_rdata_id[23]                    | 0.023 | 0.036 | 0.123 |   0.523 | 
     | gen_regfile_ff.register_file_i/g26642           | ZN  | INVD12BWP12T40M1P          | gen_regfile_ff.register_file_i/n_119  | 0.020 | 0.020 | 0.026 |   0.549 | 
     | gen_regfile_ff.register_file_i/g26454           | ZN  | ND3OPTPAD8BWP12T40M1P      | gen_regfile_ff.register_file_i/n_244  | 0.020 | 0.057 | 0.035 |   0.585 | 
     | gen_regfile_ff.register_file_i/fopt26705        | ZN  | INVD1P75BWP12T40M1P        | gen_regfile_ff.register_file_i/n_3244 | 0.003 | 0.025 | 0.032 |   0.617 | 
     | gen_regfile_ff.register_file_i/g26664           | Z   | AN2XD8BWP12T40M1P          | gen_regfile_ff.register_file_i/n_73   | 0.017 | 0.027 | 0.058 |   0.675 | 
     | gen_regfile_ff.register_file_i/g24705           | ZN  | AOI22D1BWP12T40M1P         | gen_regfile_ff.register_file_i/n_1817 | 0.001 | 0.059 | 0.064 |   0.739 | 
     | gen_regfile_ff.register_file_i/g24009           | ZN  | CKND2D0BWP12T40M1P         | gen_regfile_ff.register_file_i/n_2511 | 0.001 | 0.043 | 0.049 |   0.789 | 
     | gen_regfile_ff.register_file_i/g23742           | ZN  | NR2XD0BWP12T40M1P          | gen_regfile_ff.register_file_i/n_2778 | 0.001 | 0.045 | 0.044 |   0.833 | 
     | gen_regfile_ff.register_file_i/g23613           | ZN  | TPND3D1BWP12T40M1P         | gen_regfile_ff.register_file_i/n_2907 | 0.001 | 0.042 | 0.042 |   0.875 | 
     | gen_regfile_ff.register_file_i/g23491           | ZN  | NR2XD1BWP12T40M1P          | gen_regfile_ff.register_file_i/n_3029 | 0.002 | 0.038 | 0.048 |   0.923 | 
     | gen_regfile_ff.register_file_i/g23377           | ZN  | ND3OPTPAD2BWP12T40M1P      | multdiv_operand_b_ex[0]               | 0.006 | 0.065 | 0.051 |   0.973 | 
     | id_stage_i/g8918                                | ZN  | TPND2D1BWP12T40M1P         | id_stage_i/n_569                      | 0.002 | 0.041 | 0.046 |   1.019 | 
     | id_stage_i/g8739                                | ZN  | ND3OPTPAD2BWP12T40M1P      | alu_operand_b_ex[0]                   | 0.004 | 0.050 | 0.044 |   1.063 | 
     | ex_block_i/g24630                               | Z   | CKBD4BWP12T40M1P           | ex_block_i/n_1896                     | 0.006 | 0.023 | 0.061 |   1.124 | 
     | ex_block_i/g32795                               | ZN  | INVD0BWP12T40M1P           | ex_block_i/n_351                      | 0.007 | 0.158 | 0.100 |   1.224 | 
     | ex_block_i/g32615                               | ZN  | NR2OPTSAD4BWP12T40M1P      | ex_block_i/n_519                      | 0.016 | 0.075 | 0.094 |   1.318 | 
     | ex_block_i/g32594                               | ZN  | CKND1BWP12T40M1P           | ex_block_i/n_518                      | 0.006 | 0.090 | 0.079 |   1.397 | 
     | ex_block_i/g32286                               | Z   | OA222D0BWP12T40M1P         | ex_block_i/n_893                      | 0.003 | 0.085 | 0.201 |   1.598 | 
     | ex_block_i/g32013                               | ZN  | MAOI22D1BWP12T40M1P        | ex_block_i/n_1110                     | 0.002 | 0.090 | 0.112 |   1.710 | 
     | ex_block_i/g31954                               | ZN  | CKND0BWP12T40M1P           | ex_block_i/n_1109                     | 0.001 | 0.040 | 0.056 |   1.766 | 
     | ex_block_i/g31774                               | ZN  | AOI22D0BWP12T40M1P         | ex_block_i/n_1286                     | 0.001 | 0.087 | 0.072 |   1.838 | 
     | ex_block_i/g31705                               | ZN  | CKND2D0BWP12T40M1P         | ex_block_i/n_1336                     | 0.001 | 0.052 | 0.057 |   1.894 | 
     | ex_block_i/g31643                               | ZN  | AOI22D0BWP12T40M1P         | ex_block_i/n_1390                     | 0.001 | 0.084 | 0.077 |   1.971 | 
     | ex_block_i/g31628                               | ZN  | IOA21D0BWP12T40M1P         | ex_block_i/n_1405                     | 0.001 | 0.048 | 0.058 |   2.029 | 
     | ex_block_i/g31602                               | ZN  | RCAOI211D0BWP12T40M1P      | ex_block_i/n_1428                     | 0.002 | 0.129 | 0.117 |   2.146 | 
     | ex_block_i/g31566                               | ZN  | OAI211OPTREPBD2BWP12T40M1P | result_ex[22]                         | 0.001 | 0.044 | 0.075 |   2.221 | 
     | id_stage_i/g9492                                | ZN  | ND2D2BWP12T40M1P           | id_stage_i/n_126                      | 0.002 | 0.030 | 0.031 |   2.252 | 
     | id_stage_i/g9431                                | ZN  | IOA21D2BWP12T40M1P         | rf_wdata_id[22]                       | 0.003 | 0.036 | 0.033 |   2.284 | 
     | wb_stage_i/g648                                 | Z   | MUX2OPTD6BWP12T40M1P       | rf_wdata_wb_ecc[22]                   | 0.025 | 0.051 | 0.106 |   2.390 | 
     | gen_regfile_ff.register_file_i/rf_reg_q_reg[54] | D   | DFCNQD1BWP12T40M1P         |                                       | 0.025 | 0.051 | 0.000 |   2.390 | 
     +--------------------------------------------------------------------------------------------------------------------------------------------------------------+ 

