-------------------------------------------------------------------------------
Name     : Shielded net name
Length   : Shielded net length
Shield   : Total length of shielding wire
Ratio    : Average shielding ratio
-------------------------------------------------------------------------------
Name          Length    Shield    Ratio   
                                         Layer:      Length     Shield  Ratio
-------------------------------------------------------------------------------
if_stage_i/RC_CG_HIER_INST60/CTS_1:   preferred: M2 - M4
                 2.1       1.7    0.400
                                             M2:        1.5        1.1  0.364
                                             M3:        0.6        0.6  0.500
load_store_unit_i/CTS_5:   preferred: M2 - M4
                 7.7       6.4    0.418
                                             M2:        2.4        0.0  0.000
                                             M3:        1.7        2.8  0.833
                                             M4:        3.6        3.6  0.500
cs_registers_i/CTS_17:   preferred: M2 - M4
                 3.5       3.2    0.461
                                             M2:        0.7        1.3  0.900
                                             M3:        2.8        2.0  0.351
gen_regfile_ff.register_file_i/CTS_111:   preferred: M2 - M4
                 9.7       9.1    0.469
                                             M2:        1.3        1.8  0.722
                                             M3:        0.1        0.0  0.000
                                             M4:        8.3        7.2  0.438
gen_regfile_ff.register_file_i/CTS_81:   preferred: M2 - M4
                 7.7       8.3    0.536
                                             M2:        0.1        0.1  0.500
                                             M3:        1.1        1.7  0.750
                                             M4:        6.4        6.4  0.500
if_stage_i/CTS_16:   preferred: M2 - M4
                10.6      11.8    0.556
                                             M2:        4.6        1.4  0.152
                                             M3:        6.0       10.4  0.867
cs_registers_i/CTS_35:   preferred: M2 - M4
                 6.7       8.7    0.646
                                             M2:        0.3        0.1  0.250
                                             M3:        2.8        4.9  0.875
                                             M4:        3.6        3.6  0.500
if_stage_i/CTS_25:   preferred: M2 - M4
                11.2      14.6    0.650
                                             M2:        1.7        0.0  0.000
                                             M3:        1.0        0.1  0.071
                                             M4:        0.7        1.4  1.000
                                             M5:        2.8        2.9  0.525
                                             M6:        5.0       10.1  1.000
gen_regfile_ff.register_file_i/CTS_63:   preferred: M2 - M4
                42.7      57.4    0.672
                                             M2:        0.1        0.3  1.000
                                             M3:       11.8       22.0  0.936
                                             M4:       30.8       35.1  0.570
gen_regfile_ff.register_file_i/CTS_155:   preferred: M2 - M4
                45.5      62.7    0.689
                                             M2:        0.6        1.1  1.000
                                             M3:       20.7       37.3  0.901
                                             M4:       24.2       24.2  0.500
gen_regfile_ff.register_file_i/FE_USKN2855_CTS_74:   preferred: M2 - M4
                 4.1       5.8    0.711
                                             M2:        1.1        0.4  0.188
                                             M3:        2.9        5.4  0.910
gen_regfile_ff.register_file_i/CTS_124:   preferred: M2 - M4
                38.5      55.3    0.719
                                             M2:        0.1        0.3  1.000
                                             M3:        4.9        8.9  0.912
                                             M4:       33.5       46.1  0.689
gen_regfile_ff.register_file_i/CTS_2:   preferred: M2 - M4
                97.6     142.1    0.728
                                             M2:        0.1        0.1  0.500
                                             M3:        2.4        4.8  1.000
                                             M4:       55.4       58.9  0.531
                                             M5:       34.0       67.1  0.987
                                             M6:        5.6       11.2  1.000
gen_regfile_ff.register_file_i/CTS_84:   preferred: M2 - M4
                41.6      62.8    0.755
                                             M2:        0.8        1.5  0.875
                                             M3:       23.4       44.8  0.958
                                             M4:       17.4       16.5  0.476
gen_regfile_ff.register_file_i/CTS_66:   preferred: M2 - M4
                61.9      93.8    0.758
                                             M2:        6.6        8.9  0.674
                                             M3:       25.5       42.2  0.828
                                             M4:       29.8       42.8  0.717
gen_regfile_ff.register_file_i/CTS_26:   preferred: M2 - M4
                59.9      91.6    0.765
                                             M2:        0.6        0.6  0.500
                                             M3:       13.0       24.0  0.922
                                             M4:       46.3       67.1  0.724
gen_regfile_ff.register_file_i/CTS_160:   preferred: M2 - M4
                44.1      70.0    0.793
                                             M2:        0.1        0.3  1.000
                                             M3:        4.6        8.0  0.870
                                             M4:       13.2        9.3  0.354
                                             M5:       26.2       52.4  1.000
gen_regfile_ff.register_file_i/CTS_114:   preferred: M2 - M4
                49.0      77.9    0.795
                                             M2:        1.1        1.0  0.438
                                             M3:       12.2       14.3  0.587
                                             M4:       35.7       62.6  0.876
gen_regfile_ff.register_file_i/CTS_103:   preferred: M2 - M4
                33.5      54.2    0.810
                                             M2:        0.7        1.1  0.800
                                             M3:       11.9       23.8  1.000
                                             M4:       20.9       29.3  0.701
gen_regfile_ff.register_file_i/CTS_11:   preferred: M2 - M4
                93.8     151.9    0.810
                                             M2:        1.7        1.5  0.448
                                             M3:        0.8        1.1  0.667
                                             M4:       55.7       78.2  0.702
                                             M5:       35.6       71.1  1.000
gen_regfile_ff.register_file_i/CTS_35:   preferred: M2 - M4
                83.0     135.4    0.815
                                             M2:        0.6        0.4  0.375
                                             M3:       11.2       22.3  0.994
                                             M4:       71.3      112.7  0.791
gen_regfile_ff.register_file_i/CTS_105:   preferred: M2 - M4
                31.2      51.0    0.816
                                             M2:        2.2        1.1  0.250
                                             M3:       25.5       44.6  0.876
                                             M4:        3.5        5.2  0.740
gen_regfile_ff.register_file_i/CTS_44:   preferred: M2 - M4
                89.7     147.8    0.823
                                             M2:        1.0        1.1  0.571
                                             M3:       45.5       83.2  0.914
                                             M4:       43.3       63.5  0.734
gen_regfile_ff.register_file_i/CTS_109:   preferred: M2 - M4
                47.6      79.6    0.836
                                             M2:        5.7        8.5  0.740
                                             M3:       25.9       50.6  0.978
                                             M4:       16.0       20.4  0.640
gen_regfile_ff.register_file_i/CTS_138:   preferred: M2 - M4
                30.0      50.2    0.839
                                             M2:        4.5        4.1  0.453
                                             M3:       25.5       46.2  0.906
gen_regfile_ff.register_file_i/CTS_102:   preferred: M2 - M4
                34.4      57.8    0.839
                                             M2:        0.3        0.3  0.500
                                             M3:       13.2       26.3  1.000
                                             M4:       21.0       31.2  0.743
gen_regfile_ff.register_file_i/CTS_14:   preferred: M2 - M4
                45.9      77.2    0.841
                                             M2:        0.4        0.4  0.500
                                             M3:        1.3        1.3  0.526
                                             M4:       27.9       42.7  0.766
                                             M5:       16.4       32.8  1.000
gen_regfile_ff.register_file_i/CTS_57:   preferred: M2 - M4
                29.7      50.0    0.842
                                             M2:        1.3        1.3  0.500
                                             M3:       21.6       35.0  0.812
                                             M4:        6.9       13.7  1.000
gen_regfile_ff.register_file_i/CTS_56:   preferred: M2 - M4
                97.9     165.0    0.843
                                             M2:        6.4        6.9  0.533
                                             M3:       27.9       55.1  0.989
                                             M4:       63.6      103.1  0.811
gen_regfile_ff.register_file_i/CTS_130:   preferred: M2 - M4
                11.6      19.7    0.848
                                             M3:        0.3        0.3  0.500
                                             M4:       11.3       19.4  0.856
gen_regfile_ff.register_file_i/CTS_154:   preferred: M2 - M4
                22.8      39.2    0.859
                                             M2:        1.8        2.9  0.808
                                             M3:       16.8       31.8  0.946
                                             M4:        4.2        4.5  0.533
gen_regfile_ff.register_file_i/CTS_54:   preferred: M2 - M4
                24.8      42.7    0.862
                                             M2:        1.7        3.4  1.000
                                             M3:        6.9        6.9  0.500
                                             M4:       16.2       32.5  1.000
gen_regfile_ff.register_file_i/CTS_50:   preferred: M2 - M4
                56.6      97.7    0.863
                                             M2:        0.4        0.3  0.333
                                             M3:       37.5       74.0  0.986
                                             M4:       18.6       23.4  0.628
cs_registers_i/CTS_11:   preferred: M2 - M4
                 4.3       7.6    0.871
                                             M2:        0.6        0.6  0.500
                                             M3:        3.8        7.0  0.926
gen_regfile_ff.register_file_i/CTS_157:   preferred: M2 - M4
                36.4      63.9    0.878
                                             M2:        1.3        0.0  0.000
                                             M3:       30.8       55.2  0.897
                                             M4:        4.3        8.7  1.000
gen_regfile_ff.register_file_i/CTS_117:   preferred: M2 - M4
                36.3      63.7    0.878
                                             M2:        4.2        5.1  0.612
                                             M3:       28.3       54.8  0.969
                                             M4:        3.8        3.8  0.500
gen_regfile_ff.register_file_i/CTS_142:   preferred: M2 - M4
                 4.1       7.1    0.879
                                             M2:        0.1        0.1  0.500
                                             M3:        0.7        0.6  0.400
                                             M4:        3.2        6.4  1.000
gen_regfile_ff.register_file_i/CTS_5:   preferred: M2 - M4
                79.8     140.4    0.879
                                             M2:        0.3        0.3  0.500
                                             M3:       27.3       49.4  0.904
                                             M4:       52.2       90.7  0.869
gen_regfile_ff.register_file_i/CTS_108:   preferred: M2 - M4
                36.4      64.1    0.881
                                             M2:        0.3        0.0  0.000
                                             M3:       15.0       30.0  1.000
                                             M4:       21.1       34.2  0.808
gen_regfile_ff.register_file_i/CTS_135:   preferred: M2 - M4
                11.3      20.0    0.883
                                             M2:        0.4        0.8  1.000
                                             M4:        0.4        0.6  0.667
                                             M5:        2.4        2.4  0.500
                                             M6:        8.1       16.2  1.000
gen_regfile_ff.register_file_i/CTS_41:   preferred: M2 - M4
                40.9      72.6    0.888
                                             M2:        1.7        1.2  0.371
                                             M3:       39.2       71.3  0.910
gen_regfile_ff.register_file_i/CTS_29:   preferred: M2 - M4
                71.1     126.7    0.891
                                             M2:        0.3        0.5  0.938
                                             M3:       30.5       59.8  0.979
                                             M4:       40.3       66.4  0.824
clk:   preferred: M2 - M4
                64.0     114.1    0.892
                                             M2:        6.6        8.7  0.664
                                             M3:       54.5      102.5  0.941
                                             M4:        2.9        2.9  0.500
if_stage_i/CTS_10:   preferred: M2 - M4
                18.1      32.3    0.893
                                             M2:        1.3        0.9  0.369
                                             M3:        3.8        6.0  0.797
                                             M4:       13.0       25.3  0.972
gen_regfile_ff.register_file_i/CTS_20:   preferred: M2 - M4
                83.6     149.6    0.895
                                             M2:        0.1        0.2  0.875
                                             M3:       35.0       60.8  0.869
                                             M4:       48.4       88.6  0.914
gen_regfile_ff.register_file_i/CTS_106:   preferred: M2 - M4
                10.1      18.1    0.898
                                             M2:        1.4        1.3  0.450
                                             M3:        3.6        6.8  0.929
                                             M4:        5.0       10.1  1.000
gen_regfile_ff.register_file_i/CTS_118:   preferred: M2 - M4
                20.2      36.2    0.898
                                             M2:        0.1        0.0  0.000
                                             M3:        6.6       11.9  0.901
                                             M4:       13.4       24.4  0.906
id_stage_i/CTS_2:   preferred: M2 - M4
                34.0      61.5    0.903
                                             M2:        3.1        0.4  0.068
                                             M3:       30.9       61.0  0.986
gen_regfile_ff.register_file_i/CTS_21:   preferred: M2 - M4
                13.6      24.6    0.904
                                             M2:        3.1        4.7  0.767
                                             M3:       10.5       19.8  0.945
if_stage_i/CTS_22:   preferred: M2 - M4
                 6.3      11.4    0.908
                                             M2:        0.4        0.4  0.464
                                             M3:        2.2        3.8  0.842
                                             M4:        3.6        7.3  1.000
gen_regfile_ff.register_file_i/CTS_133:   preferred: M2 - M4
                45.1      82.1    0.910
                                             M2:        6.2        4.2  0.344
                                             M3:        0.1        0.3  1.000
                                             M4:       38.8       77.6  1.000
gen_regfile_ff.register_file_i/FE_USKN2792_CTS_81:   preferred: M2 - M4
                24.6      45.1    0.915
                                             M2:        9.8       15.9  0.812
                                             M3:       14.8       29.2  0.983
id_stage_i/CTS_5:   preferred: M2 - M4
                23.0      42.1    0.916
                                             M2:        0.4        0.4  0.458
                                             M3:       19.7       38.9  0.986
                                             M4:        2.8        2.8  0.495
cs_registers_i/CTS_8:   preferred: M2 - M4
                 6.7      12.3    0.917
                                             M2:        0.6        0.0  0.000
                                             M3:        6.2       12.3  1.000
CTS_2:   preferred: M2 - M4
               205.4     376.9    0.918
                                             M2:        7.1        5.0  0.347
                                             M3:       13.4       16.0  0.595
                                             M4:      107.8      202.7  0.940
                                             M5:       77.0      153.3  0.995
if_stage_i/CTS_19:   preferred: M2 - M4
                11.8      21.7    0.923
                                             M2:        1.0        1.1  0.554
                                             M3:        0.7        1.3  0.925
                                             M4:        6.9       12.9  0.939
                                             M5:        3.2        6.4  1.000
gen_regfile_ff.register_file_i/CTS_141:   preferred: M2 - M4
                19.0      35.2    0.926
                                             M2:        0.1        0.1  0.500
                                             M3:        1.3        2.1  0.833
                                             M5:        0.7        1.4  1.000
                                             M6:       16.9       31.6  0.933
gen_regfile_ff.register_file_i/CTS_129:   preferred: M2 - M4
                10.4      19.2    0.927
                                             M2:        0.1        0.2  0.607
                                             M3:        1.1        0.8  0.375
                                             M4:        4.2        8.4  1.000
                                             M5:        0.4        0.8  1.000
                                             M6:        4.5        9.0  1.000
gen_regfile_ff.register_file_i/CTS_91:   preferred: M2 - M4
                46.9      87.0    0.928
                                             M2:        0.7        1.1  0.800
                                             M3:       18.2       30.0  0.825
                                             M4:        7.8       15.5  0.991
                                             M5:        0.7        1.4  1.000
                                             M6:       19.5       38.9  1.000
gen_regfile_ff.register_file_i/CTS_159:   preferred: M2 - M4
               103.5     192.4    0.930
                                             M2:        6.0        8.4  0.700
                                             M3:       46.8       92.4  0.988
                                             M4:       50.7       91.6  0.903
gen_regfile_ff.register_file_i/CTS_112:   preferred: M2 - M4
                 6.0      11.2    0.930
                                             M5:        2.7        4.5  0.842
                                             M6:        3.4        6.7  1.000
gen_regfile_ff.register_file_i/CTS_127:   preferred: M2 - M4
                17.1      31.8    0.931
                                             M2:        2.8        3.3  0.586
                                             M3:       14.3       28.5  0.999
if_stage_i/CTS_6:   preferred: M2 - M4
               140.7     263.3    0.936
                                             M2:       19.7       22.8  0.578
                                             M3:        3.9        7.7  0.982
                                             M4:       40.0       78.8  0.984
                                             M5:       77.0      154.0  1.000
gen_regfile_ff.register_file_i/CTS_30:   preferred: M2 - M4
                69.0     129.3    0.937
                                             M2:        0.1        0.1  0.500
                                             M3:       30.7       57.8  0.943
                                             M4:       38.2       71.4  0.934
gen_regfile_ff.register_file_i/CTS_38:   preferred: M2 - M4
               101.6     191.4    0.942
                                             M1:        0.1        0.3  1.000
                                             M2:        3.6        2.3  0.312
                                             M3:       40.7       78.0  0.957
                                             M4:       45.2       87.1  0.963
                                             M5:        2.8        5.6  1.000
                                             M6:        9.1       18.2  1.000
gen_regfile_ff.register_file_i/CTS_18:   preferred: M2 - M4
                28.8      54.3    0.942
                                             M2:        0.4        0.8  1.000
                                             M3:       23.2       43.1  0.928
                                             M4:        5.2       10.4  1.000
gen_regfile_ff.register_file_i/CTS_80:   preferred: M2 - M4
                53.5     100.8    0.942
                                             M2:        0.3        0.1  0.188
                                             M3:        0.1        0.0  0.000
                                             M4:       53.1      100.7  0.949
gen_regfile_ff.register_file_i/CTS_136:   preferred: M2 - M4
                58.8     110.8    0.942
                                             M2:        1.3        2.2  0.889
                                             M3:       44.0       84.9  0.966
                                             M4:       13.6       23.7  0.871
gen_regfile_ff.register_file_i/CTS_39:   preferred: M2 - M4
                22.4      42.3    0.945
                                             M2:        0.1        0.1  0.500
                                             M4:        9.7       17.0  0.880
                                             M5:       12.6       25.2  1.000
if_stage_i/CTS_13:   preferred: M2 - M4
                11.9      22.5    0.946
                                             M2:        1.1        1.1  0.500
                                             M3:        2.9        5.7  0.974
                                             M4:        7.8       15.7  1.000
gen_regfile_ff.register_file_i/CTS_77:   preferred: M2 - M4
                41.2      77.9    0.947
                                             M2:        1.0        1.8  0.929
                                             M3:        0.6        0.6  0.500
                                             M4:       39.6       75.6  0.954
cs_registers_i/CTS_26:   preferred: M2 - M4
                 5.5      10.3    0.947
                                             M2:        1.1        2.2  0.993
                                             M3:        1.3        2.5  1.000
                                             M4:        3.1        5.6  0.909
gen_regfile_ff.register_file_i/CTS_74:   preferred: M2 - M4
                57.0     108.2    0.949
                                             M2:        1.8        1.1  0.313
                                             M3:       40.3       77.4  0.959
                                             M4:       14.8       29.7  0.999
cs_registers_i/CTS_2:   preferred: M2 - M4
                 7.0      13.3    0.950
                                             M2:        0.3        0.3  0.500
                                             M3:        6.7       13.0  0.968
gen_regfile_ff.register_file_i/CTS_148:   preferred: M2 - M4
                37.0      70.2    0.950
                                             M2:        3.9        4.1  0.526
                                             M4:       33.0       66.1  1.000
cs_registers_i/CTS_32:   preferred: M2 - M4
                43.4      82.7    0.953
                                             M2:        0.3        0.3  0.500
                                             M3:       40.0       76.3  0.953
                                             M4:        3.1        6.2  1.000
gen_regfile_ff.register_file_i/CTS_47:   preferred: M2 - M4
                71.7     137.1    0.956
                                             M2:        0.1        0.1  0.500
                                             M3:       25.6       46.7  0.912
                                             M4:       14.1       26.9  0.949
                                             M5:        0.7        1.2  0.879
                                             M6:       31.1       62.2  1.000
gen_regfile_ff.register_file_i/CTS_53:   preferred: M2 - M4
                98.1     188.0    0.958
                                             M2:        0.1        0.1  0.500
                                             M3:       34.0       62.5  0.918
                                             M4:       64.0      125.4  0.980
gen_regfile_ff.register_file_i/CTS_87:   preferred: M2 - M4
                68.2     131.0    0.961
                                             M2:        4.8        4.4  0.462
                                             M4:       38.2       76.3  0.999
                                             M5:       25.2       50.3  0.997
gen_regfile_ff.register_file_i/CTS_65:   preferred: M2 - M4
                42.3      81.2    0.961
                                             M2:        0.7        0.6  0.400
                                             M3:        3.5        5.7  0.814
                                             M4:       38.1       75.0  0.985
gen_regfile_ff.register_file_i/CTS_94:   preferred: M2 - M4
                27.2      52.2    0.961
                                             M2:        0.6        1.1  1.000
                                             M3:        2.1        2.1  0.500
                                             M4:       24.5       49.0  1.000
gen_regfile_ff.register_file_i/CTS_145:   preferred: M2 - M4
                51.0      98.6    0.967
                                             M2:        0.1        0.1  0.500
                                             M3:       16.2       32.5  1.000
                                             M4:       20.7       38.9  0.939
                                             M5:        4.3        8.0  0.919
                                             M6:        9.5       19.0  1.000
gen_regfile_ff.register_file_i/CTS_9:   preferred: M2 - M4
                 9.5      18.4    0.968
                                             M2:        1.1        1.6  0.725
                                             M3:        8.4       16.8  1.000
gen_regfile_ff.register_file_i/CTS_71:   preferred: M2 - M4
                80.6     156.2    0.968
                                             M2:        0.4        0.7  0.833
                                             M3:        0.1        0.1  0.500
                                             M4:        0.6        0.6  0.500
                                             M5:       27.3       50.3  0.922
                                             M6:       52.2      104.4  1.000
CTS_6:   preferred: M2 - M4
                 6.7      13.0    0.969
                                             M2:        0.3        0.3  0.500
                                             M3:        3.6        7.1  0.981
                                             M4:        2.8        5.6  1.000
gen_regfile_ff.register_file_i/CTS_23:   preferred: M2 - M4
                87.5     169.8    0.970
                                             M2:        1.4        2.2  0.773
                                             M3:       10.5       21.0  0.998
                                             M4:       75.6      146.7  0.970
gen_regfile_ff.register_file_i/CTS_123:   preferred: M2 - M4
                43.0      83.5    0.971
                                             M2:        0.7        0.7  0.500
                                             M3:       14.4       27.9  0.968
                                             M4:       27.9       54.8  0.984
gen_regfile_ff.register_file_i/CTS_115:   preferred: M2 - M4
                57.3     111.5    0.973
                                             M2:        0.1        0.1  0.500
                                             M3:       21.4       41.9  0.979
                                             M4:        2.7        3.3  0.617
                                             M5:        2.1        4.2  1.000
                                             M6:       30.9       61.9  1.000
gen_regfile_ff.register_file_i/CTS_36:   preferred: M2 - M4
                27.0      52.6    0.974
                                             M3:       18.3       35.2  0.961
                                             M4:        8.7       17.4  1.000
cs_registers_i/CTS_29:   preferred: M2 - M4
                 6.7      13.1    0.974
                                             M3:        3.6        7.1  0.981
                                             M4:        3.1        5.9  0.965
cs_registers_i/CTS_5:   preferred: M2 - M4
                 8.5      16.6    0.974
                                             M2:        0.3        0.3  0.500
                                             M3:        4.6        9.2  1.000
                                             M4:        3.6        7.1  0.977
CTS_1:   preferred: M2 - M4
               306.6     597.4    0.974
                                             M2:        1.5        1.7  0.545
                                             M3:       17.4       30.5  0.878
                                             M4:       77.6      150.0  0.967
                                             M5:      112.1      219.2  0.978
                                             M6:       98.0      196.0  1.000
gen_regfile_ff.register_file_i/CTS_62:   preferred: M2 - M4
                40.3      79.0    0.980
                                             M2:        0.4        0.0  0.000
                                             M3:        7.0       13.2  0.944
                                             M4:       32.9       65.8  1.000
gen_regfile_ff.register_file_i/CTS_32:   preferred: M2 - M4
                39.8      78.0    0.980
                                             M2:        0.7        0.6  0.400
                                             M3:        6.2       11.9  0.966
                                             M4:       32.9       65.5  0.995
ex_block_i/CTS_4:   preferred: M2 - M4
                63.7     124.9    0.981
                                             M2:        0.3        0.0  0.000
                                             M3:       32.1       62.2  0.970
                                             M4:       31.4       62.7  1.000
CTS_3:   preferred: M2 - M4
                55.4     108.9    0.982
                                             M2:        1.0        0.8  0.429
                                             M3:        4.2        8.4  1.000
                                             M4:       50.3       99.7  0.991
cs_registers_i/CTS_20:   preferred: M2 - M4
                16.8      33.0    0.982
                                             M2:        0.4        0.4  0.458
                                             M3:       12.7       25.3  0.995
                                             M4:        3.6        7.3  1.000
cs_registers_i/CTS_23:   preferred: M2 - M4
                12.0      23.7    0.983
                                             M2:        0.1        0.0  0.000
                                             M3:        0.1        0.1  0.500
                                             M4:        1.3        2.5  1.000
                                             M5:       10.5       21.0  1.000
gen_regfile_ff.register_file_i/CTS_96:   preferred: M2 - M4
                22.5      44.4    0.984
                                             M2:        0.6        0.8  0.750
                                             M3:       18.1       35.7  0.988
                                             M4:        3.9        7.8  1.000
gen_regfile_ff.register_file_i/CTS_139:   preferred: M2 - M4
                66.5     131.4    0.988
                                             M3:       66.5      131.4  0.988
gen_regfile_ff.register_file_i/CTS_12:   preferred: M2 - M4
                48.7      96.3    0.988
                                             M2:        0.1        0.0  0.000
                                             M3:       43.5       86.2  0.990
                                             M4:        5.0       10.1  1.000
gen_regfile_ff.register_file_i/CTS_158:   preferred: M2 - M4
                73.9     146.1    0.989
                                             M2:        0.1        0.0  0.000
                                             M3:       70.7      140.0  0.990
                                             M4:        3.1        6.2  1.000
gen_regfile_ff.register_file_i/CTS_17:   preferred: M2 - M4
                30.0      59.3    0.989
                                             M2:        0.3        0.3  0.500
                                             M3:       11.5       22.6  0.985
                                             M4:       18.2       36.4  1.000
gen_regfile_ff.register_file_i/CTS_90:   preferred: M2 - M4
                37.5      74.3    0.990
                                             M2:        0.7        1.2  0.846
                                             M3:        2.0        3.9  1.000
                                             M4:       34.9       69.2  0.992
gen_regfile_ff.register_file_i/CTS_45:   preferred: M2 - M4
                25.1      49.6    0.990
                                             M2:        0.1        0.1  0.500
                                             M3:        0.6        1.1  1.000
                                             M4:        0.3        0.6  1.000
                                             M5:       19.0       37.7  0.991
                                             M6:        5.0       10.1  1.000
gen_regfile_ff.register_file_i/CTS_68:   preferred: M2 - M4
                67.5     133.8    0.991
                                             M2:        0.1        0.1  0.500
                                             M3:        4.2        7.5  0.896
                                             M4:       63.1      126.1  0.999
gen_regfile_ff.register_file_i/CTS_126:   preferred: M2 - M4
                18.9      37.5    0.993
                                             M2:        0.1        0.0  0.000
                                             M3:       12.6       25.2  1.000
                                             M4:        6.2       12.3  1.000
gen_regfile_ff.register_file_i/CTS_59:   preferred: M2 - M4
                85.3     169.4    0.993
                                             M2:        0.1        0.1  0.500
                                             M3:        6.2       11.7  0.950
                                             M4:        1.4        2.8  1.000
                                             M5:       25.8       51.1  0.993
                                             M6:       51.8      103.6  1.000
if_stage_i/CTS_8:   preferred: M2 - M4
                19.2      38.1    0.994
                                             M2:        1.4        2.8  1.000
                                             M3:        3.2        6.2  0.967
                                             M4:       14.6       29.1  1.000
gen_regfile_ff.register_file_i/CTS_97:   preferred: M2 - M4
                57.5     114.5    0.995
                                             M2:        1.3        2.2  0.889
                                             M3:       22.5       44.8  0.993
                                             M4:       33.7       67.5  1.000
gen_regfile_ff.register_file_i/CTS_147:   preferred: M2 - M4
                14.0      27.9    0.995
                                             M2:        0.1        0.1  0.500
                                             M3:        6.9       13.7  1.000
                                             M4:        7.0       14.0  1.000
gen_regfile_ff.register_file_i/CTS_99:   preferred: M2 - M4
                28.4      56.6    0.995
                                             M2:        0.3        0.3  0.500
                                             M3:       18.5       37.0  1.000
                                             M4:        9.7       19.3  1.000
gen_regfile_ff.register_file_i/CTS_100:   preferred: M2 - M4
                46.5      92.5    0.995
                                             M2:        0.1        0.0  0.000
                                             M3:       12.7       25.3  0.995
                                             M4:       33.6       67.2  1.000
gen_regfile_ff.register_file_i/CTS_27:   preferred: M2 - M4
                33.0      65.8    0.996
                                             M2:        0.1        0.1  0.500
                                             M3:       24.4       48.6  0.997
                                             M4:        8.5       17.1  1.000
gen_regfile_ff.register_file_i/CTS_8:   preferred: M2 - M4
                82.0     163.5    0.996
                                             M2:        0.3        0.1  0.250
                                             M3:        4.8        9.5  1.000
                                             M4:       41.4       82.7  0.997
                                             M5:        5.0       10.1  1.000
                                             M6:       30.5       61.0  1.000
load_store_unit_i/CTS_2:   preferred: M2 - M4
                14.6      29.1    0.996
                                             M2:        0.1        0.0  0.000
                                             M3:        7.8       15.7  1.000
                                             M4:        6.7       13.4  1.000
gen_regfile_ff.register_file_i/CTS_120:   preferred: M2 - M4
                32.5      64.7    0.997
                                             M2:        1.0        2.0  1.000
                                             M3:       28.0       55.9  0.997
                                             M4:        3.5        6.9  0.989
gen_regfile_ff.register_file_i/CTS_83:   preferred: M2 - M4
                43.8      87.4    0.997
                                             M2:        1.4        2.5  0.896
                                             M3:       10.5       21.0  1.000
                                             M4:       31.9       63.8  1.000
gen_regfile_ff.register_file_i/CTS_151:   preferred: M2 - M4
                48.6      96.9    0.997
                                             M2:        0.1        0.0  0.000
                                             M3:        6.2       12.3  0.998
                                             M4:       42.3       84.6  1.000
cs_registers_i/CTS_14:   preferred: M2 - M4
                 4.8       9.5    0.997
                                             M2:        0.1        0.3  1.000
                                             M3:        1.1        2.2  0.987
                                             M4:        3.5        7.0  1.000
gen_regfile_ff.register_file_i/CTS_132:   preferred: M2 - M4
                34.0      67.9    0.998
                                             M2:        0.1        0.1  0.500
                                             M3:        1.8        3.6  1.000
                                             M4:       32.1       64.1  1.000
gen_regfile_ff.register_file_i/CTS_152:   preferred: M2 - M4
                77.3     154.3    0.998
                                             M2:        0.1        0.0  0.000
                                             M5:       32.2       64.4  1.000
                                             M6:       44.9       89.9  1.000
gen_regfile_ff.register_file_i/CTS_72:   preferred: M2 - M4
                45.1      90.0    0.998
                                             M2:        1.0        1.8  0.923
                                             M3:       15.1       30.2  1.000
                                             M4:       29.0       58.0  1.000
gen_regfile_ff.register_file_i/CTS_93:   preferred: M2 - M4
                58.7     117.3    1.000
                                             M3:       30.0       59.9  0.999
                                             M4:       28.7       57.4  1.000
gen_regfile_ff.register_file_i/RC_CG_HIER_INST21/FE_USKN2794_CTS_148:   preferred: M2 - M4
                 2.8       5.6    1.000
                                             M3:        2.8        5.6  1.000
gen_regfile_ff.register_file_i/FE_USKN2793_CTS_47:   preferred: M2 - M4
                18.9      37.8    1.000
                                             M3:       18.9       37.8  1.000
gen_regfile_ff.register_file_i/CTS_121:   preferred: M2 - M4
                20.3      40.6    1.000
                                             M3:       13.9       27.7  1.000
                                             M4:        6.4       12.9  1.000
gen_regfile_ff.register_file_i/CTS_144:   preferred: M2 - M4
                44.1      88.2    1.000
                                             M3:       18.6       37.2  1.000
                                             M4:       25.5       51.0  1.000
gen_regfile_ff.register_file_i/CTS_48:   preferred: M2 - M4
                47.2      94.4    1.000
                                             M2:        0.1        0.3  1.000
                                             M3:       43.8       87.6  1.000
                                             M4:        3.2        6.4  1.000
gen_regfile_ff.register_file_i/CTS_75:   preferred: M2 - M4
                77.4     154.8    1.000
                                             M3:       22.4       44.8  1.000
                                             M4:       55.0      110.0  1.000
-------------------------------------------------------------------------------

 Average ratio:                   0.917
                                             M1:          0.0        0.0  1.000
                                             M2:          1.3        1.5  0.547
                                             M3:         14.6       27.7  0.947
                                             M4:         19.5       34.8  0.893
                                             M5:          4.3        8.5  0.983
                                             M6:          3.3        6.5  0.997


