============================================================
  Generated by:           Genus(TM) Synthesis Solution 21.14-s082_1
  Generated on:           Sep 12 2024  04:46:01 pm
  Module:                 ibex_core
  Technology library:     tcbn40lpbwp12t40m1pwc 131
  Operating conditions:   WCCOM (balanced_tree)
  Wireload mode:          segmented
  Area mode:              timing library
============================================================

              Pin                                Type           Fanout Load Slew Delay Arrival   
                                                                       (fF) (ps)  (ps)   (ps)    
-------------------------------------------------------------------------------------------------
(clock clk_i)                             launch                                             0 R 
                                          latency                                 +900     900 R 
if_stage_i
  instr_rdata_alu_id_o_reg[0]/CP                                              20    +0     900 R 
  instr_rdata_alu_id_o_reg[0]/Q           DFQD1BWP12T40M1P           3  1.7   32  +138    1038 R 
if_stage_i/instr_rdata_id_o[0] 
id_stage_i/instr_rdata_alu_i[0] 
  g8449/A2                                                                          +0    1038   
  g8449/Z                                 AN2XD0BWP12T40M1P          2  1.6   57  +110    1148 R 
  g8445/A2                                                                          +0    1148   
  g8445/ZN                                TPND2D0BWP12T40M1P         2  1.3   43   +49    1197 F 
  g8438/A2                                                                          +0    1197   
  g8438/ZN                                TPNR2D0BWP12T40M1P         2  1.8   85   +72    1270 R 
  g8929/A4                                                                          +0    1270   
  g8929/ZN                                ND4D1BWP12T40M1P           4  2.3  100  +111    1380 F 
  g8385/A1                                                                          +0    1380   
  g8385/ZN                                CKND2D0BWP12T40M1P         3  1.9   76   +78    1459 R 
  g8363/B2                                                                          +0    1459   
  g8363/ZN                                INR3XD0BWP12T40M1P         1  1.4   44   +56    1515 F 
  g8355/A1                                                                          +0    1515   
  g8355/ZN                                ND2D2BWP12T40M1P           4  3.2   38   +36    1551 R 
  g8349/I                                                                           +0    1551   
  g8349/ZN                                CKND1BWP12T40M1P           2  1.5   32   +36    1587 F 
  g8327/A1                                                                          +0    1587   
  g8327/ZN                                IND3D2BWP12T40M1P          7  4.3   70  +103    1690 F 
id_stage_i/alu_operator_ex_o[1] 
ex_block_i/alu_operator_i[1] 
  g28290/A1                                                                         +0    1690   
  g28290/ZN                               CKND2D0BWP12T40M1P         2  1.5   73   +62    1751 R 
  g28288/I                                                                          +0    1751   
  g28288/ZN                               CKND0BWP12T40M1P           2  1.1   48   +58    1809 F 
  g28278/I0                                                                         +0    1809   
  g28278/ZN                               MUX2NXD0BWP12T40M1P        1  0.7   87   +79    1888 R 
  g28274/A2                                                                         +0    1888   
  g28274/ZN                               TPND2D0BWP12T40M1P         1  0.9   37   +54    1942 F 
  g28205/A2                                                                         +0    1942   
  g28205/ZN                               IOA21D2BWP12T40M1P         2  5.2   52   +91    2033 F 
  g28202/A1                                                                         +0    2033   
  g28202/ZN                               ND2D4BWP12T40M1P          32 19.0   76   +61    2093 R 
  g28197/A2                                                                         +0    2093   
  g28197/Z                                OA22D0BWP12T40M1P          1  0.9   45  +112    2205 R 
  g28136/B1                                                                         +0    2205   
  g28136/ZN                               IND3D1BWP12T40M1P          3  1.7   73   +62    2267 F 
  alu_i_add_76_52_g703/A2                                                           +0    2267   
  alu_i_add_76_52_g703/ZN                 OAI21D0BWP12T40M1P         1  0.6   67   +74    2341 R 
  alu_i_add_76_52_g702/B                                                            +0    2341   
  alu_i_add_76_52_g702/ZN                 IOA21D0BWP12T40M1P         2  1.5   64   +65    2406 F 
  g35257/C                                                                          +0    2406   
  g35257/ZN                               MAOI222D1BWP12T40M1P       2  1.3  112  +105    2511 R 
  alu_i_add_76_52_g697/A2                                                           +0    2511   
  alu_i_add_76_52_g697/ZN                 MOAI22D0BWP12T40M1P        2  1.9   90   +95    2606 F 
  alu_i_add_76_52_g695/A                                                            +0    2606   
  alu_i_add_76_52_g695/ZN                 MAOI222D0BWP12T40M1P       2  1.6  166  +142    2748 R 
  alu_i_add_76_52_g693/A2                                                           +0    2748   
  alu_i_add_76_52_g693/ZN                 MOAI22D1BWP12T40M1P        2  1.4   66   +79    2827 F 
  alu_i_add_76_52_g691/A2                                                           +0    2827   
  alu_i_add_76_52_g691/ZN                 RCAOI22D0BWP12T40M1P       2  1.6   80   +70    2897 R 
  alu_i_add_76_52_g689/A2                                                           +0    2897   
  alu_i_add_76_52_g689/ZN                 MOAI22D1BWP12T40M1P        2  1.5   48   +56    2954 F 
  g35256/C                                                                          +0    2954   
  g35256/ZN                               MAOI222D1BWP12T40M1P       2  1.6  124  +102    3055 R 
  alu_i_add_76_52_g685/A2                                                           +0    3055   
  alu_i_add_76_52_g685/ZN                 MOAI22D1BWP12T40M1P        2  2.3   66   +76    3131 F 
  alu_i_add_76_52_g683/A                                                            +0    3131   
  alu_i_add_76_52_g683/CON                FCICOND1BWP12T40M1P        2  1.6  122  +100    3231 R 
  alu_i_add_76_52_g681/A2                                                           +0    3231   
  alu_i_add_76_52_g681/ZN                 MOAI22D1BWP12T40M1P        2  2.3   66   +76    3306 F 
  alu_i_add_76_52_g679/A                                                            +0    3306   
  alu_i_add_76_52_g679/CON                FCICOND1BWP12T40M1P        2  1.6  122  +100    3406 R 
  alu_i_add_76_52_g677/A2                                                           +0    3406   
  alu_i_add_76_52_g677/ZN                 MOAI22D1BWP12T40M1P        2  2.3   66   +76    3482 F 
  alu_i_add_76_52_g675/A                                                            +0    3482   
  alu_i_add_76_52_g675/CON                FCICOND1BWP12T40M1P        2  1.3  114   +95    3577 R 
  alu_i_add_76_52_g673/A2                                                           +0    3577   
  alu_i_add_76_52_g673/ZN                 MOAI22D0BWP12T40M1P        2  1.5   80   +89    3666 F 
  g35255/C                                                                          +0    3666   
  g35255/ZN                               MAOI222D1BWP12T40M1P       2  1.3  116  +111    3776 R 
  alu_i_add_76_52_g669/A2                                                           +0    3776   
  alu_i_add_76_52_g669/ZN                 MOAI22D0BWP12T40M1P        2  2.3  100  +104    3880 F 
  alu_i_add_76_52_g667/A                                                            +0    3880   
  alu_i_add_76_52_g667/CON                FCICOND1BWP12T40M1P        2  1.6  128  +111    3991 R 
  alu_i_add_76_52_g665/A2                                                           +0    3991   
  alu_i_add_76_52_g665/ZN                 MOAI22D1BWP12T40M1P        2  2.3   67   +78    4068 F 
  alu_i_add_76_52_g663/A                                                            +0    4068   
  alu_i_add_76_52_g663/CON                FCICOND1BWP12T40M1P        2  1.6  131  +100    4168 R 
  alu_i_add_76_52_g661/A2                                                           +0    4168   
  alu_i_add_76_52_g661/ZN                 MOAI22D1BWP12T40M1P        2  2.3   68   +78    4246 F 
  alu_i_add_76_52_g659/A                                                            +0    4246   
  alu_i_add_76_52_g659/CON                FCICOND1BWP12T40M1P        2  1.6  131  +100    4346 R 
  alu_i_add_76_52_g657/CIN                                                          +0    4346   
  alu_i_add_76_52_g657/CO                 FCICIND1BWP12T40M1P        2  2.3   62  +181    4528 F 
  alu_i_add_76_52_g655/A                                                            +0    4528   
  alu_i_add_76_52_g655/CON                FCICOND1BWP12T40M1P        2  1.6  121   +98    4626 R 
  alu_i_add_76_52_g653/CIN                                                          +0    4626   
  alu_i_add_76_52_g653/CO                 FCICIND1BWP12T40M1P        2  2.3   62  +179    4805 F 
  alu_i_add_76_52_g651/A                                                            +0    4805   
  alu_i_add_76_52_g651/CON                FCICOND1BWP12T40M1P        2  1.6  121   +98    4903 R 
  alu_i_add_76_52_g649/CIN                                                          +0    4903   
  alu_i_add_76_52_g649/CO                 FCICIND1BWP12T40M1P        2  1.9   59  +176    5079 F 
  alu_i_add_76_52_g647/A                                                            +0    5079   
  alu_i_add_76_52_g647/ZN                 MAOI222D0BWP12T40M1P       2  1.6  165  +131    5210 R 
  alu_i_add_76_52_g645/CIN                                                          +0    5210   
  alu_i_add_76_52_g645/CO                 FCICIND1BWP12T40M1P        2  2.5   63  +191    5401 F 
  alu_i_add_76_52_g643/A                                                            +0    5401   
  alu_i_add_76_52_g643/CON                FCICOND1BWP12T40M1P        2  1.4  116   +96    5497 R 
  alu_i_add_76_52_g642/A3                                                           +0    5497   
  alu_i_add_76_52_g642/ZN                 XNR3XD1BWP12T40M1P         8 37.2  241  +295    5792 F 
  g35176/I                                                                          +0    5792   
  g35176/ZN                               CKND2BWP12T40M1P           2  1.2   66   +54    5846 R 
  g34234/A3                                                                         +0    5846   
  g34234/ZN                               ND4D0BWP12T40M1P           1  0.7  105  +107    5953 F 
  g34182/A2                                                                         +0    5953   
  g34182/ZN                               NR4D0BWP12T40M1P           1  0.9  145  +118    6071 R 
  g34147/A4                                                                         +0    6071   
  g34147/ZN                               ND4D1BWP12T40M1P           4  2.2  111  +128    6199 F 
  g34142/A1                                                                         +0    6199   
  g34142/ZN                               IND2XD0BWP12T40M1P         1  0.6   53  +124    6323 F 
  g34136/B1                                                                         +0    6323   
  g34136/ZN                               IND3D0BWP12T40M1P          3  1.8   69   +60    6383 R 
ex_block_i/branch_decision_o 
id_stage_i/branch_decision_i 
  g6906/B1                                                                          +0    6383   
  g6906/ZN                                IND3D0BWP12T40M1P          2  1.5  106   +96    6479 F 
  g6905/A2                                                                          +0    6479   
  g6905/ZN                                ND2D1BWP12T40M1P           6  3.4   69   +76    6554 R 
  g6904/A1                                                                          +0    6554   
  g6904/ZN                                IND2XD0BWP12T40M1P         2  1.1   48   +92    6646 R 
  g6903/A1                                                                          +0    6646   
  g6903/ZN                                IND2XD0BWP12T40M1P         3  1.8   86   +90    6736 R 
  g6918/I                                                                           +0    6736   
  g6918/ZN                                INVD0BWP12T40M1P           1  0.6   32   +43    6779 F 
id_stage_i/csr_op_en_o 
cs_registers_i/csr_op_en_i 
  g15046__5526/B                                                                    +0    6779   
  g15046__5526/ZN                         OAI21D0BWP12T40M1P         2  1.0   83   +45    6824 R 
  g15043/I                                                                          +0    6824   
  g15043/ZN                               CKND0BWP12T40M1P           1  0.6   39   +53    6877 F 
  g14872__1881/A3                                                                   +0    6877   
  g14872__1881/ZN                         AOI31D0BWP12T40M1P         1  0.6   92   +81    6958 R 
  g14692__4319/C                                                                    +0    6958   
  g14692__4319/ZN                         OAI211D0BWP12T40M1P        1  0.5  107  +104    7062 F 
  g14680__6161/A2                                                                   +0    7062   
  g14680__6161/Z                          AN2XD0BWP12T40M1P          4  3.0   59  +125    7187 F 
cs_registers_i/illegal_csr_insn_o 
id_stage_i/illegal_csr_insn_i 
  g6989/A1                                                                          +0    7187   
  g6989/ZN                                OAI21D0BWP12T40M1P         1  0.6   70   +63    7250 R 
  g6988/A2                                                                          +0    7250   
  g6988/ZN                                CKND2D0BWP12T40M1P         1  0.5   36   +54    7304 F 
  g6986/A2                                                                          +0    7304   
  g6986/ZN                                OAI21D0BWP12T40M1P         2  1.2   87   +75    7379 R 
  g6985/A2                                                                          +0    7379   
  g6985/ZN                                CKND2D0BWP12T40M1P         1  0.5   43   +60    7439 F 
  g6984/A2                                                                          +0    7439   
  g6984/ZN                                OAI21D0BWP12T40M1P         2  1.1   87   +75    7514 R 
  g6983/B                                                                           +0    7514   
  g6983/Z                                 OA31XD0BWP12T40M1P         1  0.6   49  +163    7677 R 
  g6982/A4                                                                          +0    7677   
  g6982/ZN                                ND4D0BWP12T40M1P           2  1.2  128  +120    7798 F 
  g6981/A2                                                                          +0    7798   
  g6981/ZN                                CKND2D0BWP12T40M1P         3  1.8   80   +89    7887 R 
  g6978/B2                                                                          +0    7887   
  g6978/ZN                                IND3D0BWP12T40M1P          1  0.6   69   +72    7959 F 
  g6977/A2                                                                          +0    7959   
  g6977/ZN                                AOI21D0BWP12T40M1P         1  0.6   75   +74    8032 R 
  g6976/A1                                                                          +0    8032   
  g6976/ZN                                ND3XD0BWP12T40M1P          2  1.3   84   +68    8100 F 
  g6916/I                                                                           +0    8100   
  g6916/ZN                                CKND1BWP12T40M1P           1  0.9   36   +41    8142 R 
id_stage_i/id_in_ready_o 
if_stage_i/id_in_ready_i 
  g14229/B                                                                          +0    8142   
  g14229/ZN                               IOA21D1BWP12T40M1P        17 21.2  262  +168    8310 F 
  g14200/A2                                                                         +0    8310   
  g14200/ZN                               NR2D0BWP12T40M1P           5  3.0  184  +199    8509 R 
  g14186/I                                                                          +0    8509   
  g14186/ZN                               CKND0BWP12T40M1P           1  0.6   63   +82    8591 F 
  g14181/A2                                                                         +0    8591   
  g14181/ZN                               CKND2D0BWP12T40M1P         4  2.2  110   +71    8662 R 
  g14153/A1                                                                         +0    8662   
  g14153/ZN                               IND2XD0BWP12T40M1P         1  0.8   45  +104    8765 R 
  RC_CG_HIER_INST29/enable 
    RC_CGIC_INST/E               <<< (P)  CKLNQD12BWP12T40M1P                       +0    8765   
    RC_CGIC_INST/CP                       setup                               20  +122    8888 R 
- - - - - - - - - - - - - - - - - - - - - - - - - - - - - - - - - - - - - - - - - - - - - - - - -
(clock clk_i)                             capture                                         8000 R 
                                          latency                                 +900    8900 R 
                                          uncertainty                              -10    8890 R 
-------------------------------------------------------------------------------------------------
Cost Group   : 'cg_enable_group_clk_i' (path_group 'cg_enable_group_clk_i')
Timing slack :       2ps 
Start-point  : if_stage_i/instr_rdata_alu_id_o_reg[0]/CP
End-point    : if_stage_i/RC_CG_HIER_INST29/RC_CGIC_INST/E

(P) : Instance is preserved

