============================================================
  Generated by:           Genus(TM) Synthesis Solution 21.14-s082_1
  Generated on:           Sep 12 2024  11:57:31 am
  Module:                 ibex_core
  Technology library:     
  Operating conditions:   WCCOM (balanced_tree)
  Wireload mode:          segmented
  Area mode:              timing library
============================================================


Summary
-------
--------------------------------------------------------------------------
            Category            Number     %    Average Toggle Saving %   
--------------------------------------------------------------------------
 Total Clock Gating Instances       34  100.00                         -  
--------------------------------------------------------------------------
 RC Clock Gating Instances          34  100.00                     75.55  
 Non-RC Clock Gating Instances       0    0.00                      0.00  
--------------------------------------------------------------------------
 RC Gated Flip-flops               941   98.12                     80.81  
 Non-RC Gated Flip-flops             0    0.00                      0.00  
--------------------------------------------------------------------------
 Total Gated Flip-flops            941   98.12                         -  
 Total Ungated Flip-flops           18    1.88                         -  
 Enable not found                    4   22.22                         -  
 Register bank width too small      14   77.78                         -  
--------------------------------------------------------------------------
 Total Flip-flops                  959  100.00                         -  
--------------------------------------------------------------------------
Multibit Flip-flop Summary
--------------------------
-------------------------------------------------------
Width     Number     Bits     RC Gated     Ungated     
-------------------------------------------------------
1-bit     959        959      941 (98.12%) 18 (1.88%)  
-------------------------------------------------------


