============================================================
  Generated by:           Genus(TM) Synthesis Solution 21.14-s082_1
  Generated on:           Sep 12 2024  11:57:31 am
  Module:                 ibex_core
  Technology library:     
  Operating conditions:   WCCOM (balanced_tree)
  Wireload mode:          segmented
  Area mode:              timing library
============================================================

                                           
        Gate          Instances    Area             Library         
--------------------------------------------------------------------
AN2XD0BWP12T40M1P           191    269.539    tcbn40lpbwp12t40m1pwc 
AN2XD1BWP12T40M1P             1      1.411    tcbn40lpbwp12t40m1pwc 
AN3D0BWP12T40M1P              9     14.818    tcbn40lpbwp12t40m1pwc 
AN3XD0BWP12T40M1P            34     55.978    tcbn40lpbwp12t40m1pwc 
AN4D0BWP12T40M1P              9     19.051    tcbn40lpbwp12t40m1pwc 
AO211D0BWP12T40M1P            9     19.051    tcbn40lpbwp12t40m1pwc 
AO21D0BWP12T40M1P            63    103.723    tcbn40lpbwp12t40m1pwc 
AO21D1BWP12T40M1P             1      1.646    tcbn40lpbwp12t40m1pwc 
AO221D0BWP12T40M1P           42    108.662    tcbn40lpbwp12t40m1pwc 
AO222D0BWP12T40M1P           98    299.645    tcbn40lpbwp12t40m1pwc 
AO22XD0BWP12T40M1P           83    195.216    tcbn40lpbwp12t40m1pwc 
AO22XD1BWP12T40M1P           30     70.560    tcbn40lpbwp12t40m1pwc 
AO31XD0BWP12T40M1P            4      8.467    tcbn40lpbwp12t40m1pwc 
AO31XD1BWP12T40M1P            1      2.117    tcbn40lpbwp12t40m1pwc 
AO32D0BWP12T40M1P             2      5.174    tcbn40lpbwp12t40m1pwc 
AO33D0BWP12T40M1P             6     15.523    tcbn40lpbwp12t40m1pwc 
AOI211D0BWP12T40M1P          60     98.784    tcbn40lpbwp12t40m1pwc 
AOI21D0BWP12T40M1P          115    162.288    tcbn40lpbwp12t40m1pwc 
AOI221D0BWP12T40M1P          48    112.896    tcbn40lpbwp12t40m1pwc 
AOI222D0BWP12T40M1P         113    292.354    tcbn40lpbwp12t40m1pwc 
AOI22D0BWP12T40M1P          733   1206.811    tcbn40lpbwp12t40m1pwc 
AOI31D0BWP12T40M1P            9     14.818    tcbn40lpbwp12t40m1pwc 
AOI32D0BWP12T40M1P            6     12.701    tcbn40lpbwp12t40m1pwc 
AOI33D0BWP12T40M1P            1      2.352    tcbn40lpbwp12t40m1pwc 
CKLNQD12BWP12T40M1P          34    335.866    tcbn40lpbwp12t40m1pwc 
CKMUX2D1BWP12T40M1P           7     16.464    tcbn40lpbwp12t40m1pwc 
CKND0BWP12T40M1P            570    402.192    tcbn40lpbwp12t40m1pwc 
CKND1BWP12T40M1P             11      7.762    tcbn40lpbwp12t40m1pwc 
CKND2D0BWP12T40M1P          648    609.638    tcbn40lpbwp12t40m1pwc 
CKND4BWP12T40M1P              1      1.646    tcbn40lpbwp12t40m1pwc 
DEL075D1BWP12T40M1P           1      0.941    tcbn40lpbwp12t40m1pwc 
DFCNQD1BWP12T40M1P          676   3815.885    tcbn40lpbwp12t40m1pwc 
DFKCNQD1BWP12T40M1P           2     10.819    tcbn40lpbwp12t40m1pwc 
DFMD1BWP12T40M1P              2     14.112    tcbn40lpbwp12t40m1pwc 
DFMQD1BWP12T40M1P            50    329.280    tcbn40lpbwp12t40m1pwc 
DFQD1BWP12T40M1P            219   1081.685    tcbn40lpbwp12t40m1pwc 
DFSNQD1BWP12T40M1P            4     23.520    tcbn40lpbwp12t40m1pwc 
EDFCNQD1BWP12T40M1P           6     45.158    tcbn40lpbwp12t40m1pwc 
FA1D0BWP12T40M1P              7     42.806    tcbn40lpbwp12t40m1pwc 
FCICIND1BWP12T40M1P           9     27.518    tcbn40lpbwp12t40m1pwc 
IAO21D0BWP12T40M1P           37     60.917    tcbn40lpbwp12t40m1pwc 
IIND4D0BWP12T40M1P            1      2.587    tcbn40lpbwp12t40m1pwc 
IINR4D0BWP12T40M1P            2      5.174    tcbn40lpbwp12t40m1pwc 
IINR4D1BWP12T40M1P            1      3.998    tcbn40lpbwp12t40m1pwc 
IND2XD0BWP12T40M1P           87    122.774    tcbn40lpbwp12t40m1pwc 
IND3D0BWP12T40M1P            33     54.331    tcbn40lpbwp12t40m1pwc 
IND4D0BWP12T40M1P             4      8.467    tcbn40lpbwp12t40m1pwc 
INR2D0BWP12T40M1P            93    131.242    tcbn40lpbwp12t40m1pwc 
INR3XD0BWP12T40M1P           19     31.282    tcbn40lpbwp12t40m1pwc 
INR4D0BWP12T40M1P             7     14.818    tcbn40lpbwp12t40m1pwc 
INVD1BWP12T40M1P              1      0.706    tcbn40lpbwp12t40m1pwc 
INVD1P25BWP12T40M1P           1      0.941    tcbn40lpbwp12t40m1pwc 
INVD2BWP12T40M1P              1      0.941    tcbn40lpbwp12t40m1pwc 
IOA21D0BWP12T40M1P          124    204.154    tcbn40lpbwp12t40m1pwc 
IOA21D1BWP12T40M1P            2      3.293    tcbn40lpbwp12t40m1pwc 
LHQD1BWP12T40M1P              1      3.528    tcbn40lpbwp12t40m1pwc 
LNQD1BWP12T40M1P             34    119.952    tcbn40lpbwp12t40m1pwc 
MAOI222D0BWP12T40M1P         70    148.176    tcbn40lpbwp12t40m1pwc 
MAOI22D0BWP12T40M1P          33     69.854    tcbn40lpbwp12t40m1pwc 
MOAI22D0BWP12T40M1P         350    740.880    tcbn40lpbwp12t40m1pwc 
MUX2NXD0BWP12T40M1P         105    222.264    tcbn40lpbwp12t40m1pwc 
MUX2NXD1BWP12T40M1P          32     97.843    tcbn40lpbwp12t40m1pwc 
MUX2XD0BWP12T40M1P           87    204.624    tcbn40lpbwp12t40m1pwc 
ND2D1BWP12T40M1P              2      1.882    tcbn40lpbwp12t40m1pwc 
ND3XD0BWP12T40M1P            92    129.830    tcbn40lpbwp12t40m1pwc 
ND4D0BWP12T40M1P            163    268.363    tcbn40lpbwp12t40m1pwc 
NR2D0BWP12T40M1P            402    378.202    tcbn40lpbwp12t40m1pwc 
NR2XD0BWP12T40M1P             4      3.763    tcbn40lpbwp12t40m1pwc 
NR3D0BWP12T40M1P             25     35.280    tcbn40lpbwp12t40m1pwc 
NR4D0BWP12T40M1P             22     36.221    tcbn40lpbwp12t40m1pwc 
OA211D0BWP12T40M1P           20     42.336    tcbn40lpbwp12t40m1pwc 
OA21XD0BWP12T40M1P          129    212.386    tcbn40lpbwp12t40m1pwc 
OA221D0BWP12T40M1P            4     10.349    tcbn40lpbwp12t40m1pwc 
OA221D1BWP12T40M1P            1      2.587    tcbn40lpbwp12t40m1pwc 
OA222D0BWP12T40M1P            4     12.230    tcbn40lpbwp12t40m1pwc 
OA22XD0BWP12T40M1P            3      7.056    tcbn40lpbwp12t40m1pwc 
OA31XD0BWP12T40M1P           15     31.752    tcbn40lpbwp12t40m1pwc 
OA33D0BWP12T40M1P             3      7.762    tcbn40lpbwp12t40m1pwc 
OAI211D0BWP12T40M1P         114    187.690    tcbn40lpbwp12t40m1pwc 
OAI21D0BWP12T40M1P          165    232.848    tcbn40lpbwp12t40m1pwc 
OAI221D0BWP12T40M1P         119    279.888    tcbn40lpbwp12t40m1pwc 
OAI222D0BWP12T40M1P          63    162.994    tcbn40lpbwp12t40m1pwc 
OAI22D0BWP12T40M1P           78    128.419    tcbn40lpbwp12t40m1pwc 
OAI31D0BWP12T40M1P           14     23.050    tcbn40lpbwp12t40m1pwc 
OAI32D0BWP12T40M1P            3      6.350    tcbn40lpbwp12t40m1pwc 
OAI33D0BWP12T40M1P            1      2.352    tcbn40lpbwp12t40m1pwc 
OAI33D2BWP12T40M1P            1      4.234    tcbn40lpbwp12t40m1pwc 
OR2D1BWP12T40M1P              5      7.056    tcbn40lpbwp12t40m1pwc 
OR2XD0BWP12T40M1P            60     84.672    tcbn40lpbwp12t40m1pwc 
OR3D1BWP12T40M1P              2      3.293    tcbn40lpbwp12t40m1pwc 
OR3XD0BWP12T40M1P            17     27.989    tcbn40lpbwp12t40m1pwc 
OR4D0BWP12T40M1P             13     27.518    tcbn40lpbwp12t40m1pwc 
TPND2D0BWP12T40M1P            1      0.941    tcbn40lpbwp12t40m1pwc 
XNR2XD0BWP12T40M1P            2      4.704    tcbn40lpbwp12t40m1pwc 
XNR2XD1BWP12T40M1P           25     58.800    tcbn40lpbwp12t40m1pwc 
XNR3XD0BWP12T40M1P           80    338.688    tcbn40lpbwp12t40m1pwc 
XOR2XD0BWP12T40M1P            5     11.760    tcbn40lpbwp12t40m1pwc 
XOR3XD0BWP12T40M1P           25    105.840    tcbn40lpbwp12t40m1pwc 
XOR3XD1BWP12T40M1P            1      4.234    tcbn40lpbwp12t40m1pwc 
--------------------------------------------------------------------
total                      6723  14994.941                          


                                                        
            Type             Instances    Area   Area % 
--------------------------------------------------------
sequential                         994  5443.939   36.3 
inverter                           585   414.187    2.8 
buffer                               1     0.941    0.0 
clock_gating_integrated_cell        34   335.866    2.2 
logic                             5109  8800.008   58.7 
physical_cells                       0     0.000    0.0 
--------------------------------------------------------
total                             6723 14994.941  100.0 

