============================================================
  Generated by:           Genus(TM) Synthesis Solution 21.14-s082_1
  Generated on:           Aug 09 2024  06:46:54 pm
  Module:                 ibex_core
  Technology library:     tcbn40lpbwp12t40m1pwc 131
  Operating conditions:   WCCOM (balanced_tree)
  Wireload mode:          segmented
  Area mode:              timing library
============================================================

                                                 
           Gate             Instances    Area             Library         
--------------------------------------------------------------------------
AN2D0BWP12T40M1P                    6      8.467    tcbn40lpbwp12t40m1pwc 
AN2D2BWP12T40M1P                    2      3.293    tcbn40lpbwp12t40m1pwc 
AN2D4BWP12T40M1P                    4     12.230    tcbn40lpbwp12t40m1pwc 
AN2D8BWP12T40M1P                    3     14.818    tcbn40lpbwp12t40m1pwc 
AN2XD0BWP12T40M1P                  86    121.363    tcbn40lpbwp12t40m1pwc 
AN2XD1BWP12T40M1P                  24     33.869    tcbn40lpbwp12t40m1pwc 
AN2XD4BWP12T40M1P                   4     12.230    tcbn40lpbwp12t40m1pwc 
AN2XD8BWP12T40M1P                   2     10.819    tcbn40lpbwp12t40m1pwc 
AN3D0BWP12T40M1P                    2      3.293    tcbn40lpbwp12t40m1pwc 
AN3D1BWP12T40M1P                    1      1.646    tcbn40lpbwp12t40m1pwc 
AN3D2BWP12T40M1P                    4      8.467    tcbn40lpbwp12t40m1pwc 
AN3D4BWP12T40M1P                    1      2.587    tcbn40lpbwp12t40m1pwc 
AN3XD0BWP12T40M1P                  13     21.403    tcbn40lpbwp12t40m1pwc 
AN3XD1BWP12T40M1P                   2      3.293    tcbn40lpbwp12t40m1pwc 
AN4D0BWP12T40M1P                    8     16.934    tcbn40lpbwp12t40m1pwc 
AN4D1BWP12T40M1P                    2      4.234    tcbn40lpbwp12t40m1pwc 
AN4D4BWP12T40M1P                    2      8.467    tcbn40lpbwp12t40m1pwc 
AN4XD1BWP12T40M1P                   3      6.350    tcbn40lpbwp12t40m1pwc 
AO211D0BWP12T40M1P                 12     25.402    tcbn40lpbwp12t40m1pwc 
AO211D1BWP12T40M1P                  1      2.117    tcbn40lpbwp12t40m1pwc 
AO21D0BWP12T40M1P                  17     27.989    tcbn40lpbwp12t40m1pwc 
AO21D1BWP12T40M1P                   3      4.939    tcbn40lpbwp12t40m1pwc 
AO21D2BWP12T40M1P                   1      2.117    tcbn40lpbwp12t40m1pwc 
AO21D4BWP12T40M1P                   3     10.584    tcbn40lpbwp12t40m1pwc 
AO221D0BWP12T40M1P                 14     36.221    tcbn40lpbwp12t40m1pwc 
AO222D0BWP12T40M1P                 73    223.205    tcbn40lpbwp12t40m1pwc 
AO22D0BWP12T40M1P                   1      2.352    tcbn40lpbwp12t40m1pwc 
AO22D1BWP12T40M1P                   4      9.408    tcbn40lpbwp12t40m1pwc 
AO22D4BWP12T40M1P                   1      4.469    tcbn40lpbwp12t40m1pwc 
AO22XD0BWP12T40M1P                  5     11.760    tcbn40lpbwp12t40m1pwc 
AO31XD0BWP12T40M1P                  3      6.350    tcbn40lpbwp12t40m1pwc 
AO31XD1BWP12T40M1P                  1      2.117    tcbn40lpbwp12t40m1pwc 
AO32D0BWP12T40M1P                   4     10.349    tcbn40lpbwp12t40m1pwc 
AO32D2BWP12T40M1P                   1      3.058    tcbn40lpbwp12t40m1pwc 
AOI211D0BWP12T40M1P                50     82.320    tcbn40lpbwp12t40m1pwc 
AOI211XD0BWP12T40M1P                3      4.939    tcbn40lpbwp12t40m1pwc 
AOI211XD2BWP12T40M1P                1      5.880    tcbn40lpbwp12t40m1pwc 
AOI21D0BWP12T40M1P                156    220.147    tcbn40lpbwp12t40m1pwc 
AOI21D1BWP12T40M1P                 16     22.579    tcbn40lpbwp12t40m1pwc 
AOI21D2BWP12T40M1P                  1      2.352    tcbn40lpbwp12t40m1pwc 
AOI21OPTPBD2BWP12T40M1P             7     24.696    tcbn40lpbwp12t40m1pwc 
AOI21OPTPBD4BWP12T40M1P             1      6.821    tcbn40lpbwp12t40m1pwc 
AOI21OPTPBD8BWP12T40M1P             1     13.171    tcbn40lpbwp12t40m1pwc 
AOI21OPTRED2BWP12T40M1P             1      2.587    tcbn40lpbwp12t40m1pwc 
AOI21OPTREPBD1BWP12T40M1P          12     25.402    tcbn40lpbwp12t40m1pwc 
AOI21OPTREPBD2BWP12T40M1P           1      3.528    tcbn40lpbwp12t40m1pwc 
AOI21OPTREPBD4BWP12T40M1P           1      6.821    tcbn40lpbwp12t40m1pwc 
AOI21OPTRESAD2BWP12T40M1P          10     25.872    tcbn40lpbwp12t40m1pwc 
AOI21OPTRESAD3BWP12T40M1P           3      9.878    tcbn40lpbwp12t40m1pwc 
AOI221D0BWP12T40M1P                39     91.728    tcbn40lpbwp12t40m1pwc 
AOI222D0BWP12T40M1P               141    364.795    tcbn40lpbwp12t40m1pwc 
AOI222D1BWP12T40M1P                 8     20.698    tcbn40lpbwp12t40m1pwc 
AOI22D0BWP12T40M1P                645   1061.928    tcbn40lpbwp12t40m1pwc 
AOI22D1BWP12T40M1P                 50     82.320    tcbn40lpbwp12t40m1pwc 
AOI22OPTPBD1BWP12T40M1P            10     25.872    tcbn40lpbwp12t40m1pwc 
AOI22OPTPBD2BWP12T40M1P             1      4.939    tcbn40lpbwp12t40m1pwc 
AOI31D0BWP12T40M1P                 11     18.110    tcbn40lpbwp12t40m1pwc 
AOI32D0BWP12T40M1P                  3      6.350    tcbn40lpbwp12t40m1pwc 
AOI33D0BWP12T40M1P                  4      9.408    tcbn40lpbwp12t40m1pwc 
BUFFD0BWP12T40M1P                   1      0.941    tcbn40lpbwp12t40m1pwc 
BUFFD1BWP12T40M1P                   3      2.822    tcbn40lpbwp12t40m1pwc 
BUFFD2BWP12T40M1P                   3      4.234    tcbn40lpbwp12t40m1pwc 
BUFFD4BWP12T40M1P                   1      2.352    tcbn40lpbwp12t40m1pwc 
BUFFXD0BWP12T40M1P                  2      1.882    tcbn40lpbwp12t40m1pwc 
BUFFXD3BWP12T40M1P                  1      2.117    tcbn40lpbwp12t40m1pwc 
BUFFXD6BWP12T40M1P                  1      3.293    tcbn40lpbwp12t40m1pwc 
BUFFXD8BWP12T40M1P                  3     12.701    tcbn40lpbwp12t40m1pwc 
CKAN2D0BWP12T40M1P                 10     14.112    tcbn40lpbwp12t40m1pwc 
CKAN2D1BWP12T40M1P                 24     33.869    tcbn40lpbwp12t40m1pwc 
CKAN2D2BWP12T40M1P                  6      9.878    tcbn40lpbwp12t40m1pwc 
CKAN2D4BWP12T40M1P                  1      2.352    tcbn40lpbwp12t40m1pwc 
CKBD2BWP12T40M1P                   11     15.523    tcbn40lpbwp12t40m1pwc 
CKBD4BWP12T40M1P                    3      7.056    tcbn40lpbwp12t40m1pwc 
CKBD6BWP12T40M1P                    1      3.058    tcbn40lpbwp12t40m1pwc 
CKLNQD12BWP12T40M1P                63    622.339    tcbn40lpbwp12t40m1pwc 
CKMUX2D1BWP12T40M1P                 2      4.704    tcbn40lpbwp12t40m1pwc 
CKND0BWP12T40M1P                  744    524.966    tcbn40lpbwp12t40m1pwc 
CKND1BWP12T40M1P                  127     89.611    tcbn40lpbwp12t40m1pwc 
CKND2BWP12T40M1P                   57     53.626    tcbn40lpbwp12t40m1pwc 
CKND2D0BWP12T40M1P               2341   2202.413    tcbn40lpbwp12t40m1pwc 
CKND2D1BWP12T40M1P                  2      1.882    tcbn40lpbwp12t40m1pwc 
CKND2D2BWP12T40M1P                  3      4.939    tcbn40lpbwp12t40m1pwc 
CKND2D3BWP12T40M1P                  2      4.704    tcbn40lpbwp12t40m1pwc 
CKND2D4BWP12T40M1P                 26     79.498    tcbn40lpbwp12t40m1pwc 
CKND2D8BWP12T40M1P                 11     59.506    tcbn40lpbwp12t40m1pwc 
CKND3BWP12T40M1P                   21     29.635    tcbn40lpbwp12t40m1pwc 
CKND4BWP12T40M1P                   25     41.160    tcbn40lpbwp12t40m1pwc 
CKND6BWP12T40M1P                   14     32.928    tcbn40lpbwp12t40m1pwc 
CKND8BWP12T40M1P                    2      6.115    tcbn40lpbwp12t40m1pwc 
CKXOR2D2BWP12T40M1P                 1      2.822    tcbn40lpbwp12t40m1pwc 
DEL075D1BWP12T40M1P                 5      4.704    tcbn40lpbwp12t40m1pwc 
DFCND2BWP12T40M1P                 144   1016.064    tcbn40lpbwp12t40m1pwc 
DFCND4BWP12T40M1P                  14    118.541    tcbn40lpbwp12t40m1pwc 
DFCNOPTSADXD8BWP12T40M1P            3     52.214    tcbn40lpbwp12t40m1pwc 
DFCNOPTSAHXD8BWP12T40M1P           89   1549.027    tcbn40lpbwp12t40m1pwc 
DFCNQD1BWP12T40M1P               1104   6231.859    tcbn40lpbwp12t40m1pwc 
DFCNQD2BWP12T40M1P                  5     31.752    tcbn40lpbwp12t40m1pwc 
DFCNQD4BWP12T40M1P                  1      7.056    tcbn40lpbwp12t40m1pwc 
DFCNQOPTMBXD12BWP12T40M1P           1     20.933    tcbn40lpbwp12t40m1pwc 
DFCNQOPTMBXD8BWP12T40M1P            4     60.211    tcbn40lpbwp12t40m1pwc 
DFCNQOPTSBBXD8BWP12T40M1P           1     15.053    tcbn40lpbwp12t40m1pwc 
DFCNQOPTSBDXD12BWP12T40M1P          3     61.387    tcbn40lpbwp12t40m1pwc 
DFCNQOPTSBDXD8BWP12T40M1P           6     90.317    tcbn40lpbwp12t40m1pwc 
DFCNQOPTSBHXD12BWP12T40M1P          5    102.312    tcbn40lpbwp12t40m1pwc 
DFCNQOPTSBHXD8BWP12T40M1P         255   3838.464    tcbn40lpbwp12t40m1pwc 
DFCSNQD1BWP12T40M1P                 1      6.821    tcbn40lpbwp12t40m1pwc 
DFKCNQD1BWP12T40M1P                 2     10.819    tcbn40lpbwp12t40m1pwc 
DFMD1BWP12T40M1P                    1      7.056    tcbn40lpbwp12t40m1pwc 
DFMQD1BWP12T40M1P                  50    329.280    tcbn40lpbwp12t40m1pwc 
DFMXD1BWP12T40M1P                   1      7.056    tcbn40lpbwp12t40m1pwc 
DFQD1BWP12T40M1P                  177    874.238    tcbn40lpbwp12t40m1pwc 
DFQOPTMAD12BWP12T40M1P             20    366.912    tcbn40lpbwp12t40m1pwc 
DFQOPTMAD8BWP12T40M1P               6     79.027    tcbn40lpbwp12t40m1pwc 
DFSNQD1BWP12T40M1P                 15     88.200    tcbn40lpbwp12t40m1pwc 
DFSNQOPTMBXD8BWP12T40M1P            1     15.758    tcbn40lpbwp12t40m1pwc 
DFSNQOPTSBHXD8BWP12T40M1P           4     63.034    tcbn40lpbwp12t40m1pwc 
EDFCNQD1BWP12T40M1P                 5     37.632    tcbn40lpbwp12t40m1pwc 
EDFCNQD2BWP12T40M1P                 1      7.997    tcbn40lpbwp12t40m1pwc 
FA1D1BWP12T40M1P                    1      7.291    tcbn40lpbwp12t40m1pwc 
HA1D1BWP12T40M1P                    7     29.635    tcbn40lpbwp12t40m1pwc 
HA1D2BWP12T40M1P                   10     49.392    tcbn40lpbwp12t40m1pwc 
IAO21D0BWP12T40M1P                 15     24.696    tcbn40lpbwp12t40m1pwc 
IAO21D1BWP12T40M1P                  3      4.939    tcbn40lpbwp12t40m1pwc 
IAO21D2BWP12T40M1P                  1      2.352    tcbn40lpbwp12t40m1pwc 
IAO22D0BWP12T40M1P                  2      4.704    tcbn40lpbwp12t40m1pwc 
IAO22D1BWP12T40M1P                  1      2.352    tcbn40lpbwp12t40m1pwc 
IND2D0BWP12T40M1P                  20     28.224    tcbn40lpbwp12t40m1pwc 
IND2D16BWP12T40M1P                  4     48.922    tcbn40lpbwp12t40m1pwc 
IND2D1BWP12T40M1P                 113    159.466    tcbn40lpbwp12t40m1pwc 
IND2D2BWP12T40M1P                  84    177.811    tcbn40lpbwp12t40m1pwc 
IND2D4BWP12T40M1P                  81    323.870    tcbn40lpbwp12t40m1pwc 
IND2D8BWP12T40M1P                   3     19.051    tcbn40lpbwp12t40m1pwc 
IND2XD0BWP12T40M1P                194    273.773    tcbn40lpbwp12t40m1pwc 
IND2XD16BWP12T40M1P                 1     13.406    tcbn40lpbwp12t40m1pwc 
IND2XD1BWP12T40M1P                  1      1.411    tcbn40lpbwp12t40m1pwc 
IND2XD2BWP12T40M1P                  1      2.117    tcbn40lpbwp12t40m1pwc 
IND2XD4BWP12T40M1P                  1      3.998    tcbn40lpbwp12t40m1pwc 
IND2XD8BWP12T40M1P                  1      7.056    tcbn40lpbwp12t40m1pwc 
IND3D0BWP12T40M1P                  29     47.746    tcbn40lpbwp12t40m1pwc 
IND3D1BWP12T40M1P                  29     47.746    tcbn40lpbwp12t40m1pwc 
IND3D2BWP12T40M1P                  29     88.670    tcbn40lpbwp12t40m1pwc 
IND3D4BWP12T40M1P                  11     56.918    tcbn40lpbwp12t40m1pwc 
IND3D8BWP12T40M1P                   1      8.938    tcbn40lpbwp12t40m1pwc 
IND4D0BWP12T40M1P                   5     10.584    tcbn40lpbwp12t40m1pwc 
IND4D1BWP12T40M1P                  25     52.920    tcbn40lpbwp12t40m1pwc 
INR2D0BWP12T40M1P                 235    331.632    tcbn40lpbwp12t40m1pwc 
INR2D1BWP12T40M1P                  20     28.224    tcbn40lpbwp12t40m1pwc 
INR2D2BWP12T40M1P                   7     14.818    tcbn40lpbwp12t40m1pwc 
INR2D4BWP12T40M1P                  11     43.982    tcbn40lpbwp12t40m1pwc 
INR2XD0BWP12T40M1P                123    173.578    tcbn40lpbwp12t40m1pwc 
INR2XD1BWP12T40M1P                 80    169.344    tcbn40lpbwp12t40m1pwc 
INR2XD2BWP12T40M1P                 10     32.928    tcbn40lpbwp12t40m1pwc 
INR2XD4BWP12T40M1P                  2     12.701    tcbn40lpbwp12t40m1pwc 
INR2XD8BWP12T40M1P                  1     12.230    tcbn40lpbwp12t40m1pwc 
INR3D1BWP12T40M1P                   4     10.349    tcbn40lpbwp12t40m1pwc 
INR3XD0BWP12T40M1P                 31     51.038    tcbn40lpbwp12t40m1pwc 
INR3XD2BWP12T40M1P                  8     41.395    tcbn40lpbwp12t40m1pwc 
INR4D0BWP12T40M1P                   3      6.350    tcbn40lpbwp12t40m1pwc 
INR4D1BWP12T40M1P                   7     24.696    tcbn40lpbwp12t40m1pwc 
INR4D2BWP12T40M1P                   1      5.174    tcbn40lpbwp12t40m1pwc 
INVD0BWP12T40M1P                   94     66.326    tcbn40lpbwp12t40m1pwc 
INVD12BWP12T40M1P                   3     12.701    tcbn40lpbwp12t40m1pwc 
INVD18BWP12T40M1P                   1      6.115    tcbn40lpbwp12t40m1pwc 
INVD1BWP12T40M1P                  134     94.550    tcbn40lpbwp12t40m1pwc 
INVD1P25BWP12T40M1P                50     47.040    tcbn40lpbwp12t40m1pwc 
INVD1P75BWP12T40M1P                61     57.389    tcbn40lpbwp12t40m1pwc 
INVD2BWP12T40M1P                   31     29.165    tcbn40lpbwp12t40m1pwc 
INVD2P3BWP12T40M1P                  6      8.467    tcbn40lpbwp12t40m1pwc 
INVD3BWP12T40M1P                   31     43.747    tcbn40lpbwp12t40m1pwc 
INVD4BWP12T40M1P                   30     49.392    tcbn40lpbwp12t40m1pwc 
INVD6BWP12T40M1P                   17     39.984    tcbn40lpbwp12t40m1pwc 
INVD8BWP12T40M1P                    8     24.461    tcbn40lpbwp12t40m1pwc 
INVOPTSAD12BWP12T40M1P              1      4.234    tcbn40lpbwp12t40m1pwc 
INVOPTSAD6BWP12T40M1P               6     14.112    tcbn40lpbwp12t40m1pwc 
INVOPTSAD8BWP12T40M1P               6     18.346    tcbn40lpbwp12t40m1pwc 
IOA21D0BWP12T40M1P                220    362.208    tcbn40lpbwp12t40m1pwc 
IOA21D1BWP12T40M1P                141    232.142    tcbn40lpbwp12t40m1pwc 
IOA21D2BWP12T40M1P                 86    202.272    tcbn40lpbwp12t40m1pwc 
IOA21D4BWP12T40M1P                  4     15.994    tcbn40lpbwp12t40m1pwc 
LNQD1BWP12T40M1P                    1      3.528    tcbn40lpbwp12t40m1pwc 
MAOI222D0BWP12T40M1P                4      8.467    tcbn40lpbwp12t40m1pwc 
MAOI22D0BWP12T40M1P                 5     10.584    tcbn40lpbwp12t40m1pwc 
MAOI22D1BWP12T40M1P                 1      2.117    tcbn40lpbwp12t40m1pwc 
MOAI22D0BWP12T40M1P               125    264.600    tcbn40lpbwp12t40m1pwc 
MOAI22D1BWP12T40M1P                 6     12.701    tcbn40lpbwp12t40m1pwc 
MUX2D0BWP12T40M1P                   3      7.056    tcbn40lpbwp12t40m1pwc 
MUX2ND0BWP12T40M1P                  5     10.584    tcbn40lpbwp12t40m1pwc 
MUX2ND2BWP12T40M1P                  8     26.342    tcbn40lpbwp12t40m1pwc 
MUX2NOPTD2BWP12T40M1P              62    218.736    tcbn40lpbwp12t40m1pwc 
MUX2NOPTD4BWP12T40M1P              79    501.682    tcbn40lpbwp12t40m1pwc 
MUX2NOPTD6BWP12T40M1P               8     75.264    tcbn40lpbwp12t40m1pwc 
MUX2NOPTD8BWP12T40M1P               2     24.461    tcbn40lpbwp12t40m1pwc 
MUX2NXD0BWP12T40M1P                38     80.438    tcbn40lpbwp12t40m1pwc 
MUX2OPTD4BWP12T40M1P                2     11.760    tcbn40lpbwp12t40m1pwc 
MUX2OPTD6BWP12T40M1P                3     23.990    tcbn40lpbwp12t40m1pwc 
MUX2XD0BWP12T40M1P                 40     94.080    tcbn40lpbwp12t40m1pwc 
MUX2XD1BWP12T40M1P                  1      2.352    tcbn40lpbwp12t40m1pwc 
ND2D0BWP12T40M1P                   10      9.408    tcbn40lpbwp12t40m1pwc 
ND2D1BWP12T40M1P                  369    347.155    tcbn40lpbwp12t40m1pwc 
ND2D2BWP12T40M1P                  147    242.021    tcbn40lpbwp12t40m1pwc 
ND2D3BWP12T40M1P                   23     54.096    tcbn40lpbwp12t40m1pwc 
ND2D4BWP12T40M1P                    5     15.288    tcbn40lpbwp12t40m1pwc 
ND2D8BWP12T40M1P                    2     10.819    tcbn40lpbwp12t40m1pwc 
ND2OPTD12BWP12T40M1P                3     23.990    tcbn40lpbwp12t40m1pwc 
ND2OPTFAD12BWP12T40M1P              1      9.408    tcbn40lpbwp12t40m1pwc 
ND2OPTFAD4BWP12T40M1P               1      3.528    tcbn40lpbwp12t40m1pwc 
ND2OPTFAD6BWP12T40M1P               7     34.574    tcbn40lpbwp12t40m1pwc 
ND2OPTPAD12BWP12T40M1P              5     55.272    tcbn40lpbwp12t40m1pwc 
ND2OPTPAD1BWP12T40M1P               8     13.171    tcbn40lpbwp12t40m1pwc 
ND2OPTPAD2BWP12T40M1P              14     42.806    tcbn40lpbwp12t40m1pwc 
ND2OPTPAD4BWP12T40M1P              13     67.267    tcbn40lpbwp12t40m1pwc 
ND2OPTPAD6BWP12T40M1P               5     35.280    tcbn40lpbwp12t40m1pwc 
ND2OPTPAD8BWP12T40M1P               1      7.762    tcbn40lpbwp12t40m1pwc 
ND2XD0BWP12T40M1P                  50     47.040    tcbn40lpbwp12t40m1pwc 
ND2XD1BWP12T40M1P                  22     36.221    tcbn40lpbwp12t40m1pwc 
ND2XD2BWP12T40M1P                   2      4.704    tcbn40lpbwp12t40m1pwc 
ND2XD3BWP12T40M1P                   8     24.461    tcbn40lpbwp12t40m1pwc 
ND2XD8BWP12T40M1P                   5     30.576    tcbn40lpbwp12t40m1pwc 
ND3D0BWP12T40M1P                    1      1.411    tcbn40lpbwp12t40m1pwc 
ND3D1BWP12T40M1P                   31     43.747    tcbn40lpbwp12t40m1pwc 
ND3D2BWP12T40M1P                    3      7.056    tcbn40lpbwp12t40m1pwc 
ND3D3BWP12T40M1P                    3      9.878    tcbn40lpbwp12t40m1pwc 
ND3OPTFAD4BWP12T40M1P               2     10.349    tcbn40lpbwp12t40m1pwc 
ND3OPTPAD1BWP12T40M1P               9     21.168    tcbn40lpbwp12t40m1pwc 
ND3OPTPAD2BWP12T40M1P              11     43.982    tcbn40lpbwp12t40m1pwc 
ND3OPTPAD4BWP12T40M1P              11     69.854    tcbn40lpbwp12t40m1pwc 
ND3OPTPAD6BWP12T40M1P               1      9.408    tcbn40lpbwp12t40m1pwc 
ND3OPTPAD8BWP12T40M1P               3     34.574    tcbn40lpbwp12t40m1pwc 
ND3OPTSAD4BWP12T40M1P               2      8.938    tcbn40lpbwp12t40m1pwc 
ND3OPTSAD6BWP12T40M1P               1      6.350    tcbn40lpbwp12t40m1pwc 
ND3OPTSAD8BWP12T40M1P               1      8.467    tcbn40lpbwp12t40m1pwc 
ND3XD0BWP12T40M1P                  77    108.662    tcbn40lpbwp12t40m1pwc 
ND3XD1BWP12T40M1P                  21     54.331    tcbn40lpbwp12t40m1pwc 
ND3XD2BWP12T40M1P                  11     36.221    tcbn40lpbwp12t40m1pwc 
ND3XD3BWP12T40M1P                   3     11.995    tcbn40lpbwp12t40m1pwc 
ND3XD4BWP12T40M1P                   2     10.349    tcbn40lpbwp12t40m1pwc 
ND3XD8BWP12T40M1P                   2     17.875    tcbn40lpbwp12t40m1pwc 
ND4D0BWP12T40M1P                   80    131.712    tcbn40lpbwp12t40m1pwc 
ND4D1BWP12T40M1P                   22     36.221    tcbn40lpbwp12t40m1pwc 
ND4D3BWP12T40M1P                    1      4.234    tcbn40lpbwp12t40m1pwc 
NR2D0BWP12T40M1P                  336    316.109    tcbn40lpbwp12t40m1pwc 
NR2D1BWP12T40M1P                   48     45.158    tcbn40lpbwp12t40m1pwc 
NR2D2BWP12T40M1P                    5      8.232    tcbn40lpbwp12t40m1pwc 
NR2D3BWP12T40M1P                    1      2.352    tcbn40lpbwp12t40m1pwc 
NR2D4BWP12T40M1P                    1      3.058    tcbn40lpbwp12t40m1pwc 
NR2OPTFAD6BWP12T40M1P               1      4.939    tcbn40lpbwp12t40m1pwc 
NR2OPTPAD1BWP12T40M1P              19     26.813    tcbn40lpbwp12t40m1pwc 
NR2OPTPAD2BWP12T40M1P              21     49.392    tcbn40lpbwp12t40m1pwc 
NR2OPTPAD4BWP12T40M1P              11     46.570    tcbn40lpbwp12t40m1pwc 
NR2OPTPAD6BWP12T40M1P               3     18.346    tcbn40lpbwp12t40m1pwc 
NR2OPTPAD8BWP12T40M1P               5     38.808    tcbn40lpbwp12t40m1pwc 
NR2OPTSAD12BWP12T40M1P              6     49.392    tcbn40lpbwp12t40m1pwc 
NR2OPTSAD4BWP12T40M1P              15     45.864    tcbn40lpbwp12t40m1pwc 
NR2OPTSAD6BWP12T40M1P               6     25.402    tcbn40lpbwp12t40m1pwc 
NR2OPTSAD8BWP12T40M1P              15     81.144    tcbn40lpbwp12t40m1pwc 
NR2XD0BWP12T40M1P                 118    111.014    tcbn40lpbwp12t40m1pwc 
NR2XD1BWP12T40M1P                 107    176.165    tcbn40lpbwp12t40m1pwc 
NR2XD2BWP12T40M1P                  10     30.576    tcbn40lpbwp12t40m1pwc 
NR2XD3BWP12T40M1P                   3     12.701    tcbn40lpbwp12t40m1pwc 
NR2XD4BWP12T40M1P                   2     10.819    tcbn40lpbwp12t40m1pwc 
NR3D0BWP12T40M1P                   13     18.346    tcbn40lpbwp12t40m1pwc 
NR3OPTPAD2BWP12T40M1P               1      4.234    tcbn40lpbwp12t40m1pwc 
NR3XD2BWP12T40M1P                   1      4.469    tcbn40lpbwp12t40m1pwc 
NR4D0BWP12T40M1P                    6      9.878    tcbn40lpbwp12t40m1pwc 
NR4D1BWP12T40M1P                    1      3.058    tcbn40lpbwp12t40m1pwc 
OA211D0BWP12T40M1P                  5     10.584    tcbn40lpbwp12t40m1pwc 
OA211D1BWP12T40M1P                  4      8.467    tcbn40lpbwp12t40m1pwc 
OA21D0BWP12T40M1P                   5      8.232    tcbn40lpbwp12t40m1pwc 
OA21D1BWP12T40M1P                   5      8.232    tcbn40lpbwp12t40m1pwc 
OA21D2BWP12T40M1P                   1      2.117    tcbn40lpbwp12t40m1pwc 
OA21D4BWP12T40M1P                   2      7.056    tcbn40lpbwp12t40m1pwc 
OA21D8BWP12T40M1P                   1      4.939    tcbn40lpbwp12t40m1pwc 
OA21XD0BWP12T40M1P                 82    135.005    tcbn40lpbwp12t40m1pwc 
OA21XD1BWP12T40M1P                  5      8.232    tcbn40lpbwp12t40m1pwc 
OA221D0BWP12T40M1P                  8     20.698    tcbn40lpbwp12t40m1pwc 
OA222D0BWP12T40M1P                  2      6.115    tcbn40lpbwp12t40m1pwc 
OA222D1BWP12T40M1P                  5     15.288    tcbn40lpbwp12t40m1pwc 
OA22D0BWP12T40M1P                   2      4.704    tcbn40lpbwp12t40m1pwc 
OA22D1BWP12T40M1P                   2      4.704    tcbn40lpbwp12t40m1pwc 
OA22XD0BWP12T40M1P                  2      4.704    tcbn40lpbwp12t40m1pwc 
OA31D0BWP12T40M1P                   1      2.117    tcbn40lpbwp12t40m1pwc 
OA31XD0BWP12T40M1P                  2      4.234    tcbn40lpbwp12t40m1pwc 
OA31XD1BWP12T40M1P                  2      4.234    tcbn40lpbwp12t40m1pwc 
OA32D0BWP12T40M1P                   1      2.587    tcbn40lpbwp12t40m1pwc 
OAI211D0BWP12T40M1P                89    146.530    tcbn40lpbwp12t40m1pwc 
OAI211D1BWP12T40M1P                13     21.403    tcbn40lpbwp12t40m1pwc 
OAI211D2BWP12T40M1P                 3      9.173    tcbn40lpbwp12t40m1pwc 
OAI211OPTRED2BWP12T40M1P            1      3.293    tcbn40lpbwp12t40m1pwc 
OAI211OPTREPBD1BWP12T40M1P         10     30.576    tcbn40lpbwp12t40m1pwc 
OAI211OPTREPBD2BWP12T40M1P          6     26.813    tcbn40lpbwp12t40m1pwc 
OAI211OPTRESAD2BWP12T40M1P          1      3.293    tcbn40lpbwp12t40m1pwc 
OAI21D0BWP12T40M1P                358    505.210    tcbn40lpbwp12t40m1pwc 
OAI21D1BWP12T40M1P                 29     40.925    tcbn40lpbwp12t40m1pwc 
OAI21D2BWP12T40M1P                  4      9.408    tcbn40lpbwp12t40m1pwc 
OAI21D4BWP12T40M1P                  1      4.469    tcbn40lpbwp12t40m1pwc 
OAI21OPTPBD1BWP12T40M1P            26     55.037    tcbn40lpbwp12t40m1pwc 
OAI21OPTPBD2BWP12T40M1P            17     59.976    tcbn40lpbwp12t40m1pwc 
OAI21OPTPBD4BWP12T40M1P             4     27.283    tcbn40lpbwp12t40m1pwc 
OAI21OPTPBD6BWP12T40M1P             2     20.227    tcbn40lpbwp12t40m1pwc 
OAI21OPTRED2BWP12T40M1P             8     20.698    tcbn40lpbwp12t40m1pwc 
OAI21OPTRED3BWP12T40M1P             2      6.586    tcbn40lpbwp12t40m1pwc 
OAI21OPTRED6BWP12T40M1P             1      6.350    tcbn40lpbwp12t40m1pwc 
OAI21OPTRED8BWP12T40M1P             1      8.467    tcbn40lpbwp12t40m1pwc 
OAI21OPTREPBD1BWP12T40M1P          13     27.518    tcbn40lpbwp12t40m1pwc 
OAI21OPTREPBD2BWP12T40M1P          10     35.280    tcbn40lpbwp12t40m1pwc 
OAI21OPTRESAD2BWP12T40M1P           2      5.174    tcbn40lpbwp12t40m1pwc 
OAI221D0BWP12T40M1P                37     87.024    tcbn40lpbwp12t40m1pwc 
OAI221D1BWP12T40M1P                 4      9.408    tcbn40lpbwp12t40m1pwc 
OAI222D0BWP12T40M1P                13     33.634    tcbn40lpbwp12t40m1pwc 
OAI222D1BWP12T40M1P                 3      7.762    tcbn40lpbwp12t40m1pwc 
OAI22D0BWP12T40M1P                106    174.518    tcbn40lpbwp12t40m1pwc 
OAI22D1BWP12T40M1P                 13     21.403    tcbn40lpbwp12t40m1pwc 
OAI22OPTPBD1BWP12T40M1P             1      2.587    tcbn40lpbwp12t40m1pwc 
OAI22OPTPBD2BWP12T40M1P             1      4.939    tcbn40lpbwp12t40m1pwc 
OAI31D0BWP12T40M1P                 15     24.696    tcbn40lpbwp12t40m1pwc 
OAI32D0BWP12T40M1P                  3      6.350    tcbn40lpbwp12t40m1pwc 
OAI32D1BWP12T40M1P                  1      2.117    tcbn40lpbwp12t40m1pwc 
OR2D0BWP12T40M1P                    8     11.290    tcbn40lpbwp12t40m1pwc 
OR2D1BWP12T40M1P                    3      4.234    tcbn40lpbwp12t40m1pwc 
OR2D2BWP12T40M1P                   11     18.110    tcbn40lpbwp12t40m1pwc 
OR2D4BWP12T40M1P                    1      3.058    tcbn40lpbwp12t40m1pwc 
OR2XD0BWP12T40M1P                  43     60.682    tcbn40lpbwp12t40m1pwc 
OR2XD2BWP12T40M1P                   1      1.646    tcbn40lpbwp12t40m1pwc 
OR3XD0BWP12T40M1P                  10     16.464    tcbn40lpbwp12t40m1pwc 
OR3XD2BWP12T40M1P                   2      4.234    tcbn40lpbwp12t40m1pwc 
OR4D0BWP12T40M1P                    3      6.350    tcbn40lpbwp12t40m1pwc 
OR4D1BWP12T40M1P                    2      4.234    tcbn40lpbwp12t40m1pwc 
RCAOI211D0BWP12T40M1P              11     18.110    tcbn40lpbwp12t40m1pwc 
RCAOI21D0BWP12T40M1P               46     64.915    tcbn40lpbwp12t40m1pwc 
RCAOI21D1BWP12T40M1P                8     16.934    tcbn40lpbwp12t40m1pwc 
RCAOI21D2BWP12T40M1P                8     28.224    tcbn40lpbwp12t40m1pwc 
RCAOI21D4BWP12T40M1P                1      6.821    tcbn40lpbwp12t40m1pwc 
RCAOI22D0BWP12T40M1P               95    156.408    tcbn40lpbwp12t40m1pwc 
RCAOI22D1BWP12T40M1P               16     48.922    tcbn40lpbwp12t40m1pwc 
RCAOI22D2BWP12T40M1P                3     16.229    tcbn40lpbwp12t40m1pwc 
RCIAO21D0BWP12T40M1P               25     41.160    tcbn40lpbwp12t40m1pwc 
RCIAO21D1BWP12T40M1P               15     38.808    tcbn40lpbwp12t40m1pwc 
RCIAO21D2BWP12T40M1P                1      3.998    tcbn40lpbwp12t40m1pwc 
RCIAO22D0BWP12T40M1P               26     61.152    tcbn40lpbwp12t40m1pwc 
RCIAO22D1BWP12T40M1P                7     23.050    tcbn40lpbwp12t40m1pwc 
RCOAI21D0BWP12T40M1P               14     19.757    tcbn40lpbwp12t40m1pwc 
RCOAI21D1BWP12T40M1P                6     12.701    tcbn40lpbwp12t40m1pwc 
RCOAI21D2BWP12T40M1P                6     21.168    tcbn40lpbwp12t40m1pwc 
RCOAI22D0BWP12T40M1P                4      6.586    tcbn40lpbwp12t40m1pwc 
TPAOI21D0BWP12T40M1P                9     12.701    tcbn40lpbwp12t40m1pwc 
TPAOI21D1BWP12T40M1P                6     12.701    tcbn40lpbwp12t40m1pwc 
TPAOI21D2BWP12T40M1P                3      9.878    tcbn40lpbwp12t40m1pwc 
TPAOI22D0BWP12T40M1P                7     11.525    tcbn40lpbwp12t40m1pwc 
TPND2D0BWP12T40M1P                 94     88.435    tcbn40lpbwp12t40m1pwc 
TPND2D1BWP12T40M1P                 81    114.307    tcbn40lpbwp12t40m1pwc 
TPND2D2BWP12T40M1P                 47     99.490    tcbn40lpbwp12t40m1pwc 
TPND2D3BWP12T40M1P                 20     51.744    tcbn40lpbwp12t40m1pwc 
TPND2D4BWP12T40M1P                  9     29.635    tcbn40lpbwp12t40m1pwc 
TPND3D0BWP12T40M1P                 19     26.813    tcbn40lpbwp12t40m1pwc 
TPND3D1BWP12T40M1P                 41     96.432    tcbn40lpbwp12t40m1pwc 
TPND3D2BWP12T40M1P                 25     76.440    tcbn40lpbwp12t40m1pwc 
TPND3D3BWP12T40M1P                  1      4.234    tcbn40lpbwp12t40m1pwc 
TPND3D4BWP12T40M1P                  1      4.939    tcbn40lpbwp12t40m1pwc 
TPND3D8BWP12T40M1P                  1      8.702    tcbn40lpbwp12t40m1pwc 
TPNR2D0BWP12T40M1P                137    128.890    tcbn40lpbwp12t40m1pwc 
TPNR2D1BWP12T40M1P                142    200.390    tcbn40lpbwp12t40m1pwc 
TPNR2D2BWP12T40M1P                 47     99.490    tcbn40lpbwp12t40m1pwc 
TPNR2D3BWP12T40M1P                  2      5.174    tcbn40lpbwp12t40m1pwc 
TPNR2D4BWP12T40M1P                  3      9.878    tcbn40lpbwp12t40m1pwc 
TPNR3D0BWP12T40M1P                  2      2.822    tcbn40lpbwp12t40m1pwc 
TPNR3D1BWP12T40M1P                  1      2.352    tcbn40lpbwp12t40m1pwc 
TPOAI21D0BWP12T40M1P               25     35.280    tcbn40lpbwp12t40m1pwc 
TPOAI21D1BWP12T40M1P               20     42.336    tcbn40lpbwp12t40m1pwc 
TPOAI21D2BWP12T40M1P               15     45.864    tcbn40lpbwp12t40m1pwc 
TPOAI21D4BWP12T40M1P               11     51.744    tcbn40lpbwp12t40m1pwc 
TPOAI21D8BWP12T40M1P                1      8.702    tcbn40lpbwp12t40m1pwc 
TPOAI22D0BWP12T40M1P               10     16.464    tcbn40lpbwp12t40m1pwc 
TPOAI22D1BWP12T40M1P                4      9.408    tcbn40lpbwp12t40m1pwc 
TPOAI22D2BWP12T40M1P                3     10.584    tcbn40lpbwp12t40m1pwc 
TPOAI31D0BWP12T40M1P                2      3.293    tcbn40lpbwp12t40m1pwc 
XNR2D0BWP12T40M1P                   2      4.704    tcbn40lpbwp12t40m1pwc 
XNR2D1BWP12T40M1P                   4      9.408    tcbn40lpbwp12t40m1pwc 
XNR2OPTND2BWP12T40M1P              10     35.280    tcbn40lpbwp12t40m1pwc 
XNR2OPTND4BWP12T40M1P               7     44.453    tcbn40lpbwp12t40m1pwc 
XNR2XD0BWP12T40M1P                 43    101.136    tcbn40lpbwp12t40m1pwc 
XNR2XD1BWP12T40M1P                  9     21.168    tcbn40lpbwp12t40m1pwc 
XNR2XD2BWP12T40M1P                  3      9.878    tcbn40lpbwp12t40m1pwc 
XNR2XD4BWP12T40M1P                  4     19.757    tcbn40lpbwp12t40m1pwc 
XNR3D1BWP12T40M1P                   1      4.704    tcbn40lpbwp12t40m1pwc 
XNR3XD0BWP12T40M1P                  2      8.467    tcbn40lpbwp12t40m1pwc 
XOR2D0BWP12T40M1P                   3      7.056    tcbn40lpbwp12t40m1pwc 
XOR2D2BWP12T40M1P                   1      2.822    tcbn40lpbwp12t40m1pwc 
XOR2OPTND2BWP12T40M1P              19     67.032    tcbn40lpbwp12t40m1pwc 
XOR2OPTND4BWP12T40M1P              21    133.358    tcbn40lpbwp12t40m1pwc 
XOR2OPTND6BWP12T40M1P               2     18.816    tcbn40lpbwp12t40m1pwc 
XOR2XD0BWP12T40M1P                 81    190.512    tcbn40lpbwp12t40m1pwc 
XOR2XD1BWP12T40M1P                 15     35.280    tcbn40lpbwp12t40m1pwc 
XOR2XD2BWP12T40M1P                  3      9.878    tcbn40lpbwp12t40m1pwc 
XOR2XD4BWP12T40M1P                  9     44.453    tcbn40lpbwp12t40m1pwc 
XOR3D2BWP12T40M1P                   1      4.704    tcbn40lpbwp12t40m1pwc 
XOR3XD1BWP12T40M1P                  2      8.467    tcbn40lpbwp12t40m1pwc 
--------------------------------------------------------------------------
total                           13560  34425.989                          


                                                        
            Type             Instances    Area   Area % 
--------------------------------------------------------
sequential                        1920 15092.549   43.8 
inverter                          1469  1294.070    3.8 
buffer                              35    60.682    0.2 
clock_gating_integrated_cell        63   622.339    1.8 
logic                            10073 17356.349   50.4 
physical_cells                       0     0.000    0.0 
--------------------------------------------------------
total                            13560 34425.989  100.0 

