###############################################################
#  Generated by:      Cadence Innovus 21.35-s114_1
#  OS:                Linux x86_64(Host ID it002028.item.uni-bremen.de)
#  Generated on:      Thu Sep 12 16:57:00 2024
#  Design:            ibex_core
#  Command:           report_timing -format {instance pin cell net load slew delay arrival} > $rpt_dir/Timing_report_Floorplan.rpt
###############################################################
Path 1: VIOLATED Clock Gating Setup Check with Pin if_stage_i/RC_CG_HIER_INST29/
RC_CGIC_INST/CP 
Endpoint:   if_stage_i/RC_CG_HIER_INST29/RC_CGIC_INST/E    (^) checked with  
leading edge of 'clk_i'
Beginpoint: gen_regfile_latch.register_file_i/rdata_a_o[1] (v) triggered by  
leading edge of 'clk_i'
Path Groups: {clock_gating_default}
Analysis View: ana_wc
Other End Arrival Time          0.900
- Clock Gating Setup            0.123
+ Phase Shift                   8.000
- Uncertainty                   0.010
= Required Time                 8.767
- Arrival Time                  8.948
= Slack Time                   -0.181
     Clock Rise Edge                 0.000
     + Clock Network Latency (Ideal) 0.900
     = Beginpoint Arrival Time       0.900
     +-----------------------------------------------------------------------------------------------------------------------------------------------------------------------------------+ 
     |                 Instance                  |     Pin      |                        Cell                        |               Net               |  Load |  Slew | Delay | Arrival | 
     |                                           |              |                                                    |                                 |       |       |       |  Time   | 
     |-------------------------------------------+--------------+----------------------------------------------------+---------------------------------+-------+-------+-------+---------| 
     | gen_regfile_latch.register_file_i         | clk_i        |                                                    | clk_i                           | 0.000 | 0.020 |       |   0.900 | 
     | gen_regfile_latch.register_file_i         | rdata_a_o[1] | ibex_register_file_latch_RV32E0_DataWidth32_DummyI | multdiv_operand_a_ex[1]         | 0.003 | 0.042 | 1.141 |   2.041 | 
     |                                           |              | nstructions0                                       |                                 |       |       |       |         | 
     | id_stage_i/g8296                          | ZN           | OAI221D0BWP12T40M1P                                | id_stage_i/n_117                | 0.001 | 0.107 | 0.094 |   2.135 | 
     | id_stage_i/g8279                          | ZN           | IOA21D0BWP12T40M1P                                 | id_stage_i/n_121                | 0.001 | 0.051 | 0.063 |   2.198 | 
     | id_stage_i/g8274                          | Z            | AO21D0BWP12T40M1P                                  | alu_operand_a_ex[1]             | 0.005 | 0.091 | 0.170 |   2.368 | 
     | ex_block_i/g28238                         | Z            | AO22XD0BWP12T40M1P                                 | ex_block_i/n_1369               | 0.003 | 0.080 | 0.217 |   2.585 | 
     | ex_block_i/g35257                         | ZN           | MAOI222D1BWP12T40M1P                               | ex_block_i/n_1642               | 0.001 | 0.112 | 0.100 |   2.685 | 
     | ex_block_i/alu_i_add_76_52_g697           | ZN           | MOAI22D0BWP12T40M1P                                | ex_block_i/alu_i_add_76_52_n_21 | 0.002 | 0.088 | 0.095 |   2.780 | 
     | ex_block_i/alu_i_add_76_52_g695           | ZN           | MAOI222D0BWP12T40M1P                               | ex_block_i/alu_i_add_76_52_n_23 | 0.002 | 0.162 | 0.140 |   2.920 | 
     | ex_block_i/alu_i_add_76_52_g693           | ZN           | MOAI22D1BWP12T40M1P                                | ex_block_i/alu_i_add_76_52_n_25 | 0.001 | 0.065 | 0.078 |   2.998 | 
     | ex_block_i/alu_i_add_76_52_g691           | ZN           | RCAOI22D0BWP12T40M1P                               | ex_block_i/alu_i_add_76_52_n_27 | 0.002 | 0.078 | 0.069 |   3.067 | 
     | ex_block_i/alu_i_add_76_52_g689           | ZN           | MOAI22D1BWP12T40M1P                                | ex_block_i/alu_i_add_76_52_n_29 | 0.001 | 0.047 | 0.056 |   3.123 | 
     | ex_block_i/g35256                         | ZN           | MAOI222D1BWP12T40M1P                               | ex_block_i/n_1641               | 0.002 | 0.121 | 0.101 |   3.224 | 
     | ex_block_i/alu_i_add_76_52_g685           | ZN           | MOAI22D1BWP12T40M1P                                | ex_block_i/alu_i_add_76_52_n_33 | 0.002 | 0.065 | 0.076 |   3.300 | 
     | ex_block_i/alu_i_add_76_52_g683           | CON          | FCICOND1BWP12T40M1P                                | ex_block_i/alu_i_add_76_52_n_35 | 0.002 | 0.120 | 0.098 |   3.398 | 
     | ex_block_i/alu_i_add_76_52_g681           | ZN           | MOAI22D1BWP12T40M1P                                | ex_block_i/alu_i_add_76_52_n_37 | 0.002 | 0.065 | 0.076 |   3.474 | 
     | ex_block_i/alu_i_add_76_52_g679           | CON          | FCICOND1BWP12T40M1P                                | ex_block_i/alu_i_add_76_52_n_39 | 0.002 | 0.120 | 0.098 |   3.572 | 
     | ex_block_i/alu_i_add_76_52_g677           | ZN           | MOAI22D1BWP12T40M1P                                | ex_block_i/alu_i_add_76_52_n_41 | 0.002 | 0.065 | 0.076 |   3.648 | 
     | ex_block_i/alu_i_add_76_52_g675           | CON          | FCICOND1BWP12T40M1P                                | ex_block_i/alu_i_add_76_52_n_43 | 0.001 | 0.113 | 0.095 |   3.743 | 
     | ex_block_i/alu_i_add_76_52_g673           | ZN           | MOAI22D0BWP12T40M1P                                | ex_block_i/alu_i_add_76_52_n_45 | 0.001 | 0.078 | 0.088 |   3.831 | 
     | ex_block_i/g35255                         | ZN           | MAOI222D1BWP12T40M1P                               | ex_block_i/n_1640               | 0.001 | 0.115 | 0.110 |   3.941 | 
     | ex_block_i/alu_i_add_76_52_g669           | ZN           | MOAI22D0BWP12T40M1P                                | ex_block_i/alu_i_add_76_52_n_49 | 0.002 | 0.100 | 0.104 |   4.045 | 
     | ex_block_i/alu_i_add_76_52_g667           | CON          | FCICOND1BWP12T40M1P                                | ex_block_i/alu_i_add_76_52_n_51 | 0.002 | 0.126 | 0.110 |   4.154 | 
     | ex_block_i/alu_i_add_76_52_g665           | ZN           | MOAI22D1BWP12T40M1P                                | ex_block_i/alu_i_add_76_52_n_53 | 0.002 | 0.066 | 0.078 |   4.232 | 
     | ex_block_i/alu_i_add_76_52_g663           | CON          | FCICOND1BWP12T40M1P                                | ex_block_i/alu_i_add_76_52_n_55 | 0.002 | 0.128 | 0.099 |   4.331 | 
     | ex_block_i/alu_i_add_76_52_g661           | ZN           | MOAI22D1BWP12T40M1P                                | ex_block_i/alu_i_add_76_52_n_57 | 0.002 | 0.067 | 0.078 |   4.409 | 
     | ex_block_i/alu_i_add_76_52_g659           | CON          | FCICOND1BWP12T40M1P                                | ex_block_i/alu_i_add_76_52_n_59 | 0.002 | 0.129 | 0.100 |   4.508 | 
     | ex_block_i/alu_i_add_76_52_g657           | CO           | FCICIND1BWP12T40M1P                                | ex_block_i/alu_i_add_76_52_n_61 | 0.002 | 0.062 | 0.182 |   4.690 | 
     | ex_block_i/alu_i_add_76_52_g655           | CON          | FCICOND1BWP12T40M1P                                | ex_block_i/alu_i_add_76_52_n_63 | 0.002 | 0.121 | 0.098 |   4.788 | 
     | ex_block_i/alu_i_add_76_52_g653           | CO           | FCICIND1BWP12T40M1P                                | ex_block_i/alu_i_add_76_52_n_65 | 0.002 | 0.062 | 0.180 |   4.968 | 
     | ex_block_i/alu_i_add_76_52_g651           | CON          | FCICOND1BWP12T40M1P                                | ex_block_i/alu_i_add_76_52_n_67 | 0.002 | 0.121 | 0.098 |   5.066 | 
     | ex_block_i/alu_i_add_76_52_g649           | CO           | FCICIND1BWP12T40M1P                                | ex_block_i/alu_i_add_76_52_n_69 | 0.002 | 0.059 | 0.177 |   5.243 | 
     | ex_block_i/alu_i_add_76_52_g647           | ZN           | MAOI222D0BWP12T40M1P                               | ex_block_i/alu_i_add_76_52_n_71 | 0.002 | 0.163 | 0.130 |   5.373 | 
     | ex_block_i/alu_i_add_76_52_g645           | CO           | FCICIND1BWP12T40M1P                                | ex_block_i/alu_i_add_76_52_n_73 | 0.003 | 0.064 | 0.191 |   5.565 | 
     | ex_block_i/alu_i_add_76_52_g643           | CON          | FCICOND1BWP12T40M1P                                | ex_block_i/alu_i_add_76_52_n_75 | 0.001 | 0.116 | 0.096 |   5.661 | 
     | ex_block_i/alu_i_add_76_52_g642           | ZN           | XNR3XD1BWP12T40M1P                                 | data_addr_o[30]                 | 0.037 | 0.242 | 0.297 |   5.958 | 
     | ex_block_i/g35176                         | ZN           | CKND2BWP12T40M1P                                   | ex_block_i/n_145                | 0.001 | 0.067 | 0.055 |   6.013 | 
     | ex_block_i/g34234                         | ZN           | ND4D0BWP12T40M1P                                   | ex_block_i/n_1004               | 0.001 | 0.106 | 0.108 |   6.122 | 
     | ex_block_i/g34182                         | ZN           | NR4D0BWP12T40M1P                                   | ex_block_i/n_1037               | 0.001 | 0.144 | 0.118 |   6.240 | 
     | ex_block_i/g34147                         | ZN           | ND4D1BWP12T40M1P                                   | ex_block_i/n_1208               | 0.002 | 0.109 | 0.126 |   6.366 | 
     | ex_block_i/g34142                         | ZN           | IND2XD0BWP12T40M1P                                 | ex_block_i/n_1053               | 0.001 | 0.052 | 0.124 |   6.489 | 
     | ex_block_i/g34136                         | ZN           | IND3D0BWP12T40M1P                                  | branch_decision                 | 0.002 | 0.069 | 0.061 |   6.550 | 
     | id_stage_i/g6906                          | ZN           | IND3D0BWP12T40M1P                                  | id_stage_i/n_411                | 0.001 | 0.105 | 0.095 |   6.645 | 
     | id_stage_i/g6905                          | ZN           | ND2D1BWP12T40M1P                                   | id_stage_i/stall_id             | 0.003 | 0.068 | 0.076 |   6.721 | 
     | id_stage_i/g6904                          | ZN           | IND2XD0BWP12T40M1P                                 | id_stage_i/n_409                | 0.001 | 0.047 | 0.091 |   6.812 | 
     | id_stage_i/g6903                          | ZN           | IND2XD0BWP12T40M1P                                 | id_stage_i/n_410                | 0.002 | 0.084 | 0.091 |   6.902 | 
     | id_stage_i/g6918                          | ZN           | INVD0BWP12T40M1P                                   | csr_op_en                       | 0.001 | 0.031 | 0.043 |   6.945 | 
     | cs_registers_i/g15046__5526               | ZN           | OAI21D0BWP12T40M1P                                 | cs_registers_i/n_483            | 0.001 | 0.084 | 0.045 |   6.991 | 
     | cs_registers_i/g15043                     | ZN           | CKND0BWP12T40M1P                                   | cs_registers_i/n_484            | 0.001 | 0.039 | 0.054 |   7.045 | 
     | cs_registers_i/g14872__1881               | ZN           | AOI31D0BWP12T40M1P                                 | cs_registers_i/n_651            | 0.001 | 0.092 | 0.081 |   7.126 | 
     | cs_registers_i/g14692__4319               | ZN           | OAI211D0BWP12T40M1P                                | cs_registers_i/n_819            | 0.001 | 0.108 | 0.106 |   7.231 | 
     | cs_registers_i/g14680__6161               | Z            | AN2XD0BWP12T40M1P                                  | illegal_csr_insn_id             | 0.003 | 0.058 | 0.126 |   7.358 | 
     | id_stage_i/g6989                          | ZN           | OAI21D0BWP12T40M1P                                 | id_stage_i/n_373                | 0.001 | 0.069 | 0.063 |   7.420 | 
     | id_stage_i/g6988                          | ZN           | CKND2D0BWP12T40M1P                                 | id_stage_i/n_374                | 0.001 | 0.037 | 0.055 |   7.475 | 
     | id_stage_i/g6986                          | ZN           | OAI21D0BWP12T40M1P                                 | id_stage_i/controller_i_n_5702  | 0.001 | 0.086 | 0.075 |   7.550 | 
     | id_stage_i/g6985                          | ZN           | CKND2D0BWP12T40M1P                                 | id_stage_i/n_376                | 0.001 | 0.045 | 0.061 |   7.610 | 
     | id_stage_i/g6984                          | ZN           | OAI21D0BWP12T40M1P                                 | id_stage_i/controller_i_n_4856  | 0.001 | 0.087 | 0.076 |   7.687 | 
     | id_stage_i/g6983                          | Z            | OA31XD0BWP12T40M1P                                 | id_stage_i/n_377                | 0.001 | 0.050 | 0.164 |   7.851 | 
     | id_stage_i/g6982                          | ZN           | ND4D0BWP12T40M1P                                   | id_stage_i/controller_i_n_4857  | 0.001 | 0.128 | 0.121 |   7.972 | 
     | id_stage_i/g6981                          | ZN           | CKND2D0BWP12T40M1P                                 | id_stage_i/controller_i_n_5703  | 0.002 | 0.079 | 0.090 |   8.062 | 
     | id_stage_i/g6978                          | ZN           | IND3D0BWP12T40M1P                                  | id_stage_i/n_379                | 0.001 | 0.069 | 0.072 |   8.134 | 
     | id_stage_i/g6977                          | ZN           | AOI21D0BWP12T40M1P                                 | id_stage_i/n_380                | 0.001 | 0.074 | 0.073 |   8.207 | 
     | id_stage_i/g6976                          | ZN           | ND3XD0BWP12T40M1P                                  | id_stage_i/controller_i_n_5704  | 0.001 | 0.085 | 0.069 |   8.276 | 
     | id_stage_i/g6916                          | ZN           | CKND1BWP12T40M1P                                   | id_in_ready                     | 0.001 | 0.037 | 0.042 |   8.318 | 
     | if_stage_i/g14229                         | ZN           | IOA21D1BWP12T40M1P                                 | if_stage_i/n_544                | 0.022 | 0.267 | 0.171 |   8.488 | 
     | if_stage_i/g14200                         | ZN           | NR2D0BWP12T40M1P                                   | if_stage_i/n_481                | 0.003 | 0.182 | 0.201 |   8.689 | 
     | if_stage_i/g14186                         | ZN           | CKND0BWP12T40M1P                                   | if_stage_i/n_480                | 0.001 | 0.063 | 0.082 |   8.771 | 
     | if_stage_i/g14181                         | ZN           | CKND2D0BWP12T40M1P                                 | if_stage_i/n_538                | 0.002 | 0.113 | 0.072 |   8.843 | 
     | if_stage_i/g14153                         | ZN           | IND2XD0BWP12T40M1P                                 | if_stage_i/n_548                | 0.001 | 0.045 | 0.105 |   8.948 | 
     | if_stage_i/RC_CG_HIER_INST29/RC_CGIC_INST | E            | CKLNQD12BWP12T40M1P                                |                                 | 0.001 | 0.045 | 0.000 |   8.948 | 
     +-----------------------------------------------------------------------------------------------------------------------------------------------------------------------------------+ 

