###############################################################
#  Generated by:      Cadence Innovus 
#  OS:                
#  Generated on:      Fri Aug  9 20:42:10 2024
#  Design:            ibex_core
#  Command:           report_timing > $rpt_dir/Timing_report_postPlace.rpt
###############################################################
Path 1: VIOLATED Clock Gating Setup Check with Pin if_stage_i/RC_CG_HIER_INST53/
RC_CGIC_INST/CP 
Endpoint:   if_stage_i/RC_CG_HIER_INST53/RC_CGIC_INST/E (^) checked with  
leading edge of 'clk_i'
Beginpoint: if_stage_i/instr_rdata_alu_id_o_reg[27]/Q   (v) triggered by  
leading edge of 'clk_i'
Path Groups: {clock_gating_default}
Analysis View: ana_wc
Other End Arrival Time          0.400
- Clock Gating Setup            0.111
+ Phase Shift                   2.000
- Uncertainty                   0.025
= Required Time                 2.264
- Arrival Time                  2.311
= Slack Time                   -0.047
     Clock Rise Edge                 0.000
     + Clock Network Latency (Ideal) 0.400
     = Beginpoint Arrival Time       0.400
     +-------------------------------------------------------------------------------------------------------------------+ 
     |                 Instance                  |     Arc      |           Cell            | Delay | Arrival | Required | 
     |                                           |              |                           |       |  Time   |   Time   | 
     |-------------------------------------------+--------------+---------------------------+-------+---------+----------| 
     | if_stage_i/instr_rdata_alu_id_o_reg[27]   | CP ^         |                           |       |   0.400 |    0.353 | 
     | if_stage_i/instr_rdata_alu_id_o_reg[27]   | CP ^ -> Q v  | DFQOPTMAD12BWP12T40M1P    | 0.089 |   0.489 |    0.443 | 
     | id_stage_i/FE_OFC1710_instr_rdata_id_27   | I v -> ZN ^  | INVOPTSAD8BWP12T40M1P     | 0.020 |   0.510 |    0.463 | 
     | id_stage_i/g9182                          | A2 ^ -> ZN v | CKND2D8BWP12T40M1P        | 0.030 |   0.539 |    0.493 | 
     | id_stage_i/g9125                          | A1 v -> ZN ^ | NR2OPTSAD8BWP12T40M1P     | 0.032 |   0.571 |    0.525 | 
     | id_stage_i/g9079                          | B1 ^ -> ZN v | IND2D8BWP12T40M1P         | 0.042 |   0.614 |    0.567 | 
     | id_stage_i/g9004                          | A1 v -> ZN ^ | RCOAI21D2BWP12T40M1P      | 0.051 |   0.665 |    0.618 | 
     | id_stage_i/FE_RC_1286_0                   | A2 ^ -> ZN v | ND3XD4BWP12T40M1P         | 0.065 |   0.730 |    0.683 | 
     | id_stage_i/g8965                          | I v -> ZN ^  | INVD4BWP12T40M1P          | 0.050 |   0.780 |    0.733 | 
     | id_stage_i/g8792                          | B1 ^ -> ZN v | IND3D16BWP12T40M1P        | 0.062 |   0.842 |    0.795 | 
     | ex_block_i/FE_DBTC41_alu_operator_ex_1    | I v -> ZN ^  | INVOPTSAD8BWP12T40M1P     | 0.031 |   0.873 |    0.826 | 
     | ex_block_i/g26516                         | A1 ^ -> ZN v | ND2XD4BWP12T40M1P         | 0.026 |   0.899 |    0.853 | 
     | ex_block_i/g26439                         | A1 v -> ZN ^ | OAI21OPTPBD2BWP12T40M1P   | 0.043 |   0.942 |    0.896 | 
     | ex_block_i/g26418                         | B1 ^ -> ZN v | IND2D4BWP12T40M1P         | 0.035 |   0.977 |    0.931 | 
     | ex_block_i/g26344                         | A1 v -> ZN ^ | ND2OPTPAD4BWP12T40M1P     | 0.031 |   1.009 |    0.962 | 
     | ex_block_i/g26309                         | A1 ^ -> ZN v | ND3OPTPAD8BWP12T40M1P     | 0.047 |   1.056 |    1.009 | 
     | ex_block_i/FE_OFC1017_n_1665              | I v -> ZN ^  | INVOPTSAD8BWP12T40M1P     | 0.034 |   1.090 |    1.043 | 
     | ex_block_i/g26220                         | B2 ^ -> ZN v | IND3D16BWP12T40M1P        | 0.046 |   1.136 |    1.089 | 
     | ex_block_i/FE_DBTC14_n_1707               | I v -> ZN ^  | INVOPTSAD18BWP12T40M1P    | 0.042 |   1.177 |    1.131 | 
     | ex_block_i/g26176                         | B1 ^ -> ZN v | IND2XD2BWP12T40M1P        | 0.063 |   1.241 |    1.194 | 
     | ex_block_i/FE_RC_1140_0                   | B2 v -> ZN ^ | IND3D4BWP12T40M1P         | 0.035 |   1.276 |    1.229 | 
     | ex_block_i/g33408                         | A2 ^ -> Z ^  | XOR3D2BWP12T40M1P         | 0.197 |   1.473 |    1.426 | 
     | ex_block_i/g32849                         | A2 ^ -> ZN v | TPND2D2BWP12T40M1P        | 0.044 |   1.517 |    1.470 | 
     | ex_block_i/g32835                         | A2 v -> ZN ^ | TPNR2D2BWP12T40M1P        | 0.065 |   1.582 |    1.535 | 
     | ex_block_i/g32826                         | A1 ^ -> ZN v | ND2OPTPAD2BWP12T40M1P     | 0.048 |   1.630 |    1.583 | 
     | ex_block_i/g32822                         | A1 v -> ZN ^ | NR2OPTSAD4BWP12T40M1P     | 0.043 |   1.673 |    1.626 | 
     | ex_block_i/FE_RC_894_0                    | A1 ^ -> ZN v | ND3OPTPAD6BWP12T40M1P     | 0.053 |   1.725 |    1.679 | 
     | ex_block_i/g32820                         | A1 v -> ZN ^ | OAI21OPTPBD2BWP12T40M1P   | 0.058 |   1.784 |    1.737 | 
     | ex_block_i/FE_RC_248_0                    | B ^ -> ZN v  | AOI21OPTRESAD4BWP12T40M1P | 0.036 |   1.820 |    1.774 | 
     | ex_block_i/FE_RC_21_0                     | A1 v -> ZN ^ | ND3OPTPAD6BWP12T40M1P     | 0.051 |   1.871 |    1.824 | 
     | id_stage_i/FE_RC_1616_0                   | A1 ^ -> ZN v | OAI21OPTPBD6BWP12T40M1P   | 0.037 |   1.908 |    1.861 | 
     | cs_registers_i/g20605__6260               | A1 v -> ZN ^ | ND2OPTPAD4BWP12T40M1P     | 0.029 |   1.937 |    1.890 | 
     | cs_registers_i/g20312__5477               | A1 ^ -> ZN v | ND2OPTPAD6BWP12T40M1P     | 0.030 |   1.967 |    1.920 | 
     | id_stage_i/g7339                          | A1 v -> ZN ^ | OAI21OPTPBD6BWP12T40M1P   | 0.041 |   2.007 |    1.961 | 
     | id_stage_i/g7335                          | B1 ^ -> ZN v | IND2D8BWP12T40M1P         | 0.035 |   2.042 |    1.995 | 
     | id_stage_i/g7334                          | B1 v -> ZN ^ | IND2XD8BWP12T40M1P        | 0.031 |   2.073 |    2.026 | 
     | id_stage_i/g7333                          | B1 ^ -> ZN v | IND2XD8BWP12T40M1P        | 0.027 |   2.100 |    2.053 | 
     | id_stage_i/FE_RC_1197_0                   | A1 v -> ZN ^ | NR2OPTSAD4BWP12T40M1P     | 0.032 |   2.131 |    2.085 | 
     | id_stage_i/FE_RC_1196_0                   | A1 ^ -> ZN v | OAI21OPTPBD4BWP12T40M1P   | 0.034 |   2.165 |    2.119 | 
     | id_stage_i/FE_RC_1190_0                   | B1 v -> ZN ^ | IND2XD8BWP12T40M1P        | 0.032 |   2.197 |    2.150 | 
     | if_stage_i/FE_RC_1212_0                   | A1 ^ -> ZN v | ND2OPTPAD6BWP12T40M1P     | 0.028 |   2.225 |    2.178 | 
     | if_stage_i/fopt                           | I v -> ZN ^  | INVD4BWP12T40M1P          | 0.026 |   2.251 |    2.204 | 
     | if_stage_i/g14221                         | A1 ^ -> ZN v | TPND2D2BWP12T40M1P        | 0.027 |   2.278 |    2.231 | 
     | if_stage_i/g14210                         | A1 v -> ZN ^ | ND2D2BWP12T40M1P          | 0.033 |   2.310 |    2.263 | 
     | if_stage_i/RC_CG_HIER_INST53/RC_CGIC_INST | E ^          | CKLNQD12BWP12T40M1P       | 0.000 |   2.311 |    2.264 | 
     +-------------------------------------------------------------------------------------------------------------------+ 

